mode: set
github.com/stoolap/stoolap/internal/sql/executor/aggregations.go:32.26,34.3 1 0
github.com/stoolap/stoolap/internal/sql/executor/aggregations.go:38.148,43.44 2 0
github.com/stoolap/stoolap/internal/sql/executor/aggregations.go:44.26,46.30 1 0
github.com/stoolap/stoolap/internal/sql/executor/aggregations.go:47.33,49.35 1 0
github.com/stoolap/stoolap/internal/sql/executor/aggregations.go:50.10,51.82 1 0
github.com/stoolap/stoolap/internal/sql/executor/aggregations.go:55.2,56.16 2 0
github.com/stoolap/stoolap/internal/sql/executor/aggregations.go:56.16,58.3 1 0
github.com/stoolap/stoolap/internal/sql/executor/aggregations.go:59.2,59.13 1 0
github.com/stoolap/stoolap/internal/sql/executor/aggregations.go:59.13,61.3 1 0
github.com/stoolap/stoolap/internal/sql/executor/aggregations.go:64.2,73.39 6 0
github.com/stoolap/stoolap/internal/sql/executor/aggregations.go:73.39,74.65 1 0
github.com/stoolap/stoolap/internal/sql/executor/aggregations.go:74.65,78.4 2 0
github.com/stoolap/stoolap/internal/sql/executor/aggregations.go:82.2,82.25 1 0
github.com/stoolap/stoolap/internal/sql/executor/aggregations.go:82.25,83.42 1 0
github.com/stoolap/stoolap/internal/sql/executor/aggregations.go:83.42,84.36 1 0
github.com/stoolap/stoolap/internal/sql/executor/aggregations.go:85.28,91.61 4 0
github.com/stoolap/stoolap/internal/sql/executor/aggregations.go:91.61,93.46 1 0
github.com/stoolap/stoolap/internal/sql/executor/aggregations.go:93.46,96.7 2 0
github.com/stoolap/stoolap/internal/sql/executor/aggregations.go:99.37,103.53 3 0
github.com/stoolap/stoolap/internal/sql/executor/aggregations.go:105.33,109.53 3 0
github.com/stoolap/stoolap/internal/sql/executor/aggregations.go:111.30,120.40 3 0
github.com/stoolap/stoolap/internal/sql/executor/aggregations.go:120.40,121.73 1 0
github.com/stoolap/stoolap/internal/sql/executor/aggregations.go:121.73,124.42 2 0
github.com/stoolap/stoolap/internal/sql/executor/aggregations.go:124.42,125.30 1 0
github.com/stoolap/stoolap/internal/sql/executor/aggregations.go:125.30,127.14 2 0
github.com/stoolap/stoolap/internal/sql/executor/aggregations.go:130.7,130.17 1 0
github.com/stoolap/stoolap/internal/sql/executor/aggregations.go:130.17,132.8 1 0
github.com/stoolap/stoolap/internal/sql/executor/aggregations.go:136.12,137.77 1 0
github.com/stoolap/stoolap/internal/sql/executor/aggregations.go:143.2,143.39 1 0
github.com/stoolap/stoolap/internal/sql/executor/aggregations.go:143.39,144.33 1 0
github.com/stoolap/stoolap/internal/sql/executor/aggregations.go:145.27,147.25 1 0
github.com/stoolap/stoolap/internal/sql/executor/aggregations.go:147.25,149.19 2 0
github.com/stoolap/stoolap/internal/sql/executor/aggregations.go:149.19,151.6 1 0
github.com/stoolap/stoolap/internal/sql/executor/aggregations.go:152.5,152.40 1 0
github.com/stoolap/stoolap/internal/sql/executor/aggregations.go:152.40,154.29 1 0
github.com/stoolap/stoolap/internal/sql/executor/aggregations.go:154.29,156.47 2 0
github.com/stoolap/stoolap/internal/sql/executor/aggregations.go:156.47,157.32 1 0
github.com/stoolap/stoolap/internal/sql/executor/aggregations.go:157.32,159.14 2 0
github.com/stoolap/stoolap/internal/sql/executor/aggregations.go:162.7,162.17 1 0
github.com/stoolap/stoolap/internal/sql/executor/aggregations.go:162.17,163.16 1 0
github.com/stoolap/stoolap/internal/sql/executor/aggregations.go:166.6,166.55 1 0
github.com/stoolap/stoolap/internal/sql/executor/aggregations.go:168.10,170.28 1 0
github.com/stoolap/stoolap/internal/sql/executor/aggregations.go:170.28,174.6 1 0
github.com/stoolap/stoolap/internal/sql/executor/aggregations.go:174.11,177.46 2 0
github.com/stoolap/stoolap/internal/sql/executor/aggregations.go:177.46,178.33 1 0
github.com/stoolap/stoolap/internal/sql/executor/aggregations.go:178.33,180.13 2 0
github.com/stoolap/stoolap/internal/sql/executor/aggregations.go:183.6,183.15 1 0
github.com/stoolap/stoolap/internal/sql/executor/aggregations.go:183.15,185.7 1 0
github.com/stoolap/stoolap/internal/sql/executor/aggregations.go:185.12,187.7 1 0
github.com/stoolap/stoolap/internal/sql/executor/aggregations.go:191.36,194.27 2 0
github.com/stoolap/stoolap/internal/sql/executor/aggregations.go:194.27,198.5 1 0
github.com/stoolap/stoolap/internal/sql/executor/aggregations.go:198.10,201.45 2 0
github.com/stoolap/stoolap/internal/sql/executor/aggregations.go:201.45,202.29 1 0
github.com/stoolap/stoolap/internal/sql/executor/aggregations.go:202.29,204.12 2 0
github.com/stoolap/stoolap/internal/sql/executor/aggregations.go:207.5,207.14 1 0
github.com/stoolap/stoolap/internal/sql/executor/aggregations.go:207.14,209.6 1 0
github.com/stoolap/stoolap/internal/sql/executor/aggregations.go:209.11,211.6 1 0
github.com/stoolap/stoolap/internal/sql/executor/aggregations.go:214.29,217.37 2 0
github.com/stoolap/stoolap/internal/sql/executor/aggregations.go:217.37,225.33 4 0
github.com/stoolap/stoolap/internal/sql/executor/aggregations.go:225.33,227.49 1 0
github.com/stoolap/stoolap/internal/sql/executor/aggregations.go:228.30,229.33 1 0
github.com/stoolap/stoolap/internal/sql/executor/aggregations.go:230.39,231.38 1 0
github.com/stoolap/stoolap/internal/sql/executor/aggregations.go:232.38,235.39 2 0
github.com/stoolap/stoolap/internal/sql/executor/aggregations.go:236.31,237.28 1 0
github.com/stoolap/stoolap/internal/sql/executor/aggregations.go:238.40,239.33 1 0
github.com/stoolap/stoolap/internal/sql/executor/aggregations.go:245.5,245.49 1 0
github.com/stoolap/stoolap/internal/sql/executor/aggregations.go:245.49,254.6 1 0
github.com/stoolap/stoolap/internal/sql/executor/aggregations.go:254.11,264.31 2 0
github.com/stoolap/stoolap/internal/sql/executor/aggregations.go:264.31,266.46 1 0
github.com/stoolap/stoolap/internal/sql/executor/aggregations.go:266.46,267.70 1 0
github.com/stoolap/stoolap/internal/sql/executor/aggregations.go:267.70,271.44 3 0
github.com/stoolap/stoolap/internal/sql/executor/aggregations.go:271.44,272.50 1 0
github.com/stoolap/stoolap/internal/sql/executor/aggregations.go:272.50,274.16 2 0
github.com/stoolap/stoolap/internal/sql/executor/aggregations.go:277.9,277.19 1 0
github.com/stoolap/stoolap/internal/sql/executor/aggregations.go:277.19,279.10 1 0
github.com/stoolap/stoolap/internal/sql/executor/aggregations.go:284.6,288.47 2 0
github.com/stoolap/stoolap/internal/sql/executor/aggregations.go:288.47,290.42 2 0
github.com/stoolap/stoolap/internal/sql/executor/aggregations.go:290.42,291.46 1 0
github.com/stoolap/stoolap/internal/sql/executor/aggregations.go:291.46,293.14 2 0
github.com/stoolap/stoolap/internal/sql/executor/aggregations.go:296.7,296.17 1 0
github.com/stoolap/stoolap/internal/sql/executor/aggregations.go:296.17,298.8 1 0
github.com/stoolap/stoolap/internal/sql/executor/aggregations.go:301.10,304.28 1 0
github.com/stoolap/stoolap/internal/sql/executor/aggregations.go:304.28,309.46 3 0
github.com/stoolap/stoolap/internal/sql/executor/aggregations.go:309.46,310.30 1 0
github.com/stoolap/stoolap/internal/sql/executor/aggregations.go:310.30,312.13 2 0
github.com/stoolap/stoolap/internal/sql/executor/aggregations.go:316.6,316.15 1 0
github.com/stoolap/stoolap/internal/sql/executor/aggregations.go:316.15,319.42 1 0
github.com/stoolap/stoolap/internal/sql/executor/aggregations.go:319.42,320.75 1 0
github.com/stoolap/stoolap/internal/sql/executor/aggregations.go:320.75,323.44 2 0
github.com/stoolap/stoolap/internal/sql/executor/aggregations.go:323.44,324.32 1 0
github.com/stoolap/stoolap/internal/sql/executor/aggregations.go:324.32,326.16 2 0
github.com/stoolap/stoolap/internal/sql/executor/aggregations.go:329.9,329.22 1 0
github.com/stoolap/stoolap/internal/sql/executor/aggregations.go:329.22,331.10 1 0
github.com/stoolap/stoolap/internal/sql/executor/aggregations.go:334.12,337.7 1 0
github.com/stoolap/stoolap/internal/sql/executor/aggregations.go:338.11,341.6 1 0
github.com/stoolap/stoolap/internal/sql/executor/aggregations.go:344.34,349.46 3 0
github.com/stoolap/stoolap/internal/sql/executor/aggregations.go:350.30,353.38 2 0
github.com/stoolap/stoolap/internal/sql/executor/aggregations.go:353.38,362.44 4 0
github.com/stoolap/stoolap/internal/sql/executor/aggregations.go:362.44,363.60 1 0
github.com/stoolap/stoolap/internal/sql/executor/aggregations.go:364.31,365.34 1 0
github.com/stoolap/stoolap/internal/sql/executor/aggregations.go:366.40,367.39 1 0
github.com/stoolap/stoolap/internal/sql/executor/aggregations.go:368.39,371.40 2 0
github.com/stoolap/stoolap/internal/sql/executor/aggregations.go:372.32,373.29 1 0
github.com/stoolap/stoolap/internal/sql/executor/aggregations.go:374.41,375.34 1 0
github.com/stoolap/stoolap/internal/sql/executor/aggregations.go:381.6,381.50 1 0
github.com/stoolap/stoolap/internal/sql/executor/aggregations.go:381.50,390.7 1 0
github.com/stoolap/stoolap/internal/sql/executor/aggregations.go:390.12,401.42 2 0
github.com/stoolap/stoolap/internal/sql/executor/aggregations.go:401.42,403.57 1 0
github.com/stoolap/stoolap/internal/sql/executor/aggregations.go:403.57,404.71 1 0
github.com/stoolap/stoolap/internal/sql/executor/aggregations.go:404.71,408.45 3 0
github.com/stoolap/stoolap/internal/sql/executor/aggregations.go:408.45,409.51 1 0
github.com/stoolap/stoolap/internal/sql/executor/aggregations.go:409.51,411.17 2 0
github.com/stoolap/stoolap/internal/sql/executor/aggregations.go:414.10,414.20 1 0
github.com/stoolap/stoolap/internal/sql/executor/aggregations.go:414.20,416.11 1 0
github.com/stoolap/stoolap/internal/sql/executor/aggregations.go:421.7,425.48 2 0
github.com/stoolap/stoolap/internal/sql/executor/aggregations.go:425.48,427.43 2 0
github.com/stoolap/stoolap/internal/sql/executor/aggregations.go:427.43,428.47 1 0
github.com/stoolap/stoolap/internal/sql/executor/aggregations.go:428.47,430.15 2 0
github.com/stoolap/stoolap/internal/sql/executor/aggregations.go:433.8,433.18 1 0
github.com/stoolap/stoolap/internal/sql/executor/aggregations.go:433.18,435.9 1 0
github.com/stoolap/stoolap/internal/sql/executor/aggregations.go:442.6,442.21 1 0
github.com/stoolap/stoolap/internal/sql/executor/aggregations.go:442.21,445.7 2 0
github.com/stoolap/stoolap/internal/sql/executor/aggregations.go:446.11,448.29 1 0
github.com/stoolap/stoolap/internal/sql/executor/aggregations.go:448.29,453.47 3 0
github.com/stoolap/stoolap/internal/sql/executor/aggregations.go:453.47,454.31 1 0
github.com/stoolap/stoolap/internal/sql/executor/aggregations.go:454.31,456.14 2 0
github.com/stoolap/stoolap/internal/sql/executor/aggregations.go:461.7,461.47 1 0
github.com/stoolap/stoolap/internal/sql/executor/aggregations.go:461.47,462.29 1 0
github.com/stoolap/stoolap/internal/sql/executor/aggregations.go:462.29,464.14 2 0
github.com/stoolap/stoolap/internal/sql/executor/aggregations.go:468.7,468.16 1 0
github.com/stoolap/stoolap/internal/sql/executor/aggregations.go:468.16,471.53 1 0
github.com/stoolap/stoolap/internal/sql/executor/aggregations.go:471.53,472.76 1 0
github.com/stoolap/stoolap/internal/sql/executor/aggregations.go:472.76,475.45 2 0
github.com/stoolap/stoolap/internal/sql/executor/aggregations.go:475.45,476.33 1 0
github.com/stoolap/stoolap/internal/sql/executor/aggregations.go:476.33,478.17 2 0
github.com/stoolap/stoolap/internal/sql/executor/aggregations.go:481.10,481.23 1 0
github.com/stoolap/stoolap/internal/sql/executor/aggregations.go:481.23,483.11 1 0
github.com/stoolap/stoolap/internal/sql/executor/aggregations.go:488.8,489.32 2 0
github.com/stoolap/stoolap/internal/sql/executor/aggregations.go:490.13,493.8 1 0
github.com/stoolap/stoolap/internal/sql/executor/aggregations.go:494.12,497.7 1 0
github.com/stoolap/stoolap/internal/sql/executor/aggregations.go:500.28,503.28 2 0
github.com/stoolap/stoolap/internal/sql/executor/aggregations.go:503.28,506.6 1 0
github.com/stoolap/stoolap/internal/sql/executor/aggregations.go:506.11,509.46 2 0
github.com/stoolap/stoolap/internal/sql/executor/aggregations.go:509.46,510.30 1 0
github.com/stoolap/stoolap/internal/sql/executor/aggregations.go:510.30,512.13 2 0
github.com/stoolap/stoolap/internal/sql/executor/aggregations.go:515.6,515.15 1 0
github.com/stoolap/stoolap/internal/sql/executor/aggregations.go:515.15,520.7 3 0
github.com/stoolap/stoolap/internal/sql/executor/aggregations.go:520.12,522.7 1 0
github.com/stoolap/stoolap/internal/sql/executor/aggregations.go:525.33,533.44 3 0
github.com/stoolap/stoolap/internal/sql/executor/aggregations.go:533.44,535.49 2 0
github.com/stoolap/stoolap/internal/sql/executor/aggregations.go:535.49,537.12 2 0
github.com/stoolap/stoolap/internal/sql/executor/aggregations.go:542.5,542.45 1 0
github.com/stoolap/stoolap/internal/sql/executor/aggregations.go:542.45,543.27 1 0
github.com/stoolap/stoolap/internal/sql/executor/aggregations.go:543.27,545.12 2 0
github.com/stoolap/stoolap/internal/sql/executor/aggregations.go:554.5,554.14 1 0
github.com/stoolap/stoolap/internal/sql/executor/aggregations.go:554.14,566.6 3 0
github.com/stoolap/stoolap/internal/sql/executor/aggregations.go:566.11,568.6 1 0
github.com/stoolap/stoolap/internal/sql/executor/aggregations.go:570.12,571.91 1 0
github.com/stoolap/stoolap/internal/sql/executor/aggregations.go:574.11,575.92 1 0
github.com/stoolap/stoolap/internal/sql/executor/aggregations.go:580.2,581.23 2 0
github.com/stoolap/stoolap/internal/sql/executor/aggregations.go:581.23,583.3 1 0
github.com/stoolap/stoolap/internal/sql/executor/aggregations.go:586.2,586.50 1 0
github.com/stoolap/stoolap/internal/sql/executor/aggregations.go:586.50,589.17 2 0
github.com/stoolap/stoolap/internal/sql/executor/aggregations.go:589.17,591.4 1 0
github.com/stoolap/stoolap/internal/sql/executor/aggregations.go:594.3,594.25 1 0
github.com/stoolap/stoolap/internal/sql/executor/aggregations.go:594.25,605.30 3 0
github.com/stoolap/stoolap/internal/sql/executor/aggregations.go:605.30,607.5 1 0
github.com/stoolap/stoolap/internal/sql/executor/aggregations.go:610.4,610.36 1 0
github.com/stoolap/stoolap/internal/sql/executor/aggregations.go:610.36,611.23 1 0
github.com/stoolap/stoolap/internal/sql/executor/aggregations.go:611.23,615.6 2 0
github.com/stoolap/stoolap/internal/sql/executor/aggregations.go:619.4,622.54 2 0
github.com/stoolap/stoolap/internal/sql/executor/aggregations.go:622.54,624.5 1 0
github.com/stoolap/stoolap/internal/sql/executor/aggregations.go:627.4,631.5 1 0
github.com/stoolap/stoolap/internal/sql/executor/aggregations.go:635.3,635.69 1 0
github.com/stoolap/stoolap/internal/sql/executor/aggregations.go:635.69,638.18 3 0
github.com/stoolap/stoolap/internal/sql/executor/aggregations.go:638.18,640.5 1 0
github.com/stoolap/stoolap/internal/sql/executor/aggregations.go:643.3,643.21 1 0
github.com/stoolap/stoolap/internal/sql/executor/aggregations.go:647.2,650.22 2 0
github.com/stoolap/stoolap/internal/sql/executor/aggregations.go:650.22,654.41 2 0
github.com/stoolap/stoolap/internal/sql/executor/aggregations.go:654.41,656.39 2 0
github.com/stoolap/stoolap/internal/sql/executor/aggregations.go:656.39,657.41 1 0
github.com/stoolap/stoolap/internal/sql/executor/aggregations.go:657.41,659.11 2 0
github.com/stoolap/stoolap/internal/sql/executor/aggregations.go:662.4,662.14 1 0
github.com/stoolap/stoolap/internal/sql/executor/aggregations.go:662.14,664.5 1 0
github.com/stoolap/stoolap/internal/sql/executor/aggregations.go:669.2,670.16 2 0
github.com/stoolap/stoolap/internal/sql/executor/aggregations.go:670.16,672.3 1 0
github.com/stoolap/stoolap/internal/sql/executor/aggregations.go:675.2,675.22 1 0
github.com/stoolap/stoolap/internal/sql/executor/aggregations.go:675.22,678.23 2 0
github.com/stoolap/stoolap/internal/sql/executor/aggregations.go:678.23,680.4 1 0
github.com/stoolap/stoolap/internal/sql/executor/aggregations.go:682.3,686.4 1 0
github.com/stoolap/stoolap/internal/sql/executor/aggregations.go:690.2,698.24 2 0
github.com/stoolap/stoolap/internal/sql/executor/aggregations.go:698.24,709.3 3 0
github.com/stoolap/stoolap/internal/sql/executor/aggregations.go:712.2,712.68 1 0
github.com/stoolap/stoolap/internal/sql/executor/aggregations.go:712.68,715.17 3 0
github.com/stoolap/stoolap/internal/sql/executor/aggregations.go:715.17,717.4 1 0
github.com/stoolap/stoolap/internal/sql/executor/aggregations.go:720.2,720.20 1 0
github.com/stoolap/stoolap/internal/sql/executor/aggregations.go:725.84,732.35 3 0
github.com/stoolap/stoolap/internal/sql/executor/aggregations.go:732.35,733.47 1 0
github.com/stoolap/stoolap/internal/sql/executor/aggregations.go:733.47,735.4 1 0
github.com/stoolap/stoolap/internal/sql/executor/aggregations.go:735.9,735.51 1 0
github.com/stoolap/stoolap/internal/sql/executor/aggregations.go:735.51,737.4 1 0
github.com/stoolap/stoolap/internal/sql/executor/aggregations.go:741.2,741.45 1 0
github.com/stoolap/stoolap/internal/sql/executor/aggregations.go:741.45,744.17 2 0
github.com/stoolap/stoolap/internal/sql/executor/aggregations.go:744.17,746.4 1 0
github.com/stoolap/stoolap/internal/sql/executor/aggregations.go:749.3,749.30 1 0
github.com/stoolap/stoolap/internal/sql/executor/aggregations.go:749.30,751.4 1 0
github.com/stoolap/stoolap/internal/sql/executor/aggregations.go:751.9,753.4 1 0
github.com/stoolap/stoolap/internal/sql/executor/aggregations.go:757.2,758.16 2 0
github.com/stoolap/stoolap/internal/sql/executor/aggregations.go:758.16,760.3 1 0
github.com/stoolap/stoolap/internal/sql/executor/aggregations.go:763.2,763.22 1 0
github.com/stoolap/stoolap/internal/sql/executor/aggregations.go:763.22,769.3 1 0
github.com/stoolap/stoolap/internal/sql/executor/aggregations.go:772.2,779.35 4 0
github.com/stoolap/stoolap/internal/sql/executor/aggregations.go:779.35,780.26 1 0
github.com/stoolap/stoolap/internal/sql/executor/aggregations.go:780.26,782.4 1 0
github.com/stoolap/stoolap/internal/sql/executor/aggregations.go:782.9,785.37 2 0
github.com/stoolap/stoolap/internal/sql/executor/aggregations.go:786.15,787.41 1 0
github.com/stoolap/stoolap/internal/sql/executor/aggregations.go:788.15,789.41 1 0
github.com/stoolap/stoolap/internal/sql/executor/aggregations.go:790.15,791.41 1 0
github.com/stoolap/stoolap/internal/sql/executor/aggregations.go:792.15,793.41 1 0
github.com/stoolap/stoolap/internal/sql/executor/aggregations.go:794.17,795.43 1 0
github.com/stoolap/stoolap/internal/sql/executor/aggregations.go:796.16,797.42 1 0
github.com/stoolap/stoolap/internal/sql/executor/aggregations.go:798.12,800.34 1 0
github.com/stoolap/stoolap/internal/sql/executor/aggregations.go:800.34,802.24 2 0
github.com/stoolap/stoolap/internal/sql/executor/aggregations.go:802.24,804.7 1 0
github.com/stoolap/stoolap/internal/sql/executor/aggregations.go:807.4,807.33 1 0
github.com/stoolap/stoolap/internal/sql/executor/aggregations.go:812.2,812.24 1 0
github.com/stoolap/stoolap/internal/sql/executor/aggregations.go:812.24,815.17 2 0
github.com/stoolap/stoolap/internal/sql/executor/aggregations.go:815.17,816.12 1 0
github.com/stoolap/stoolap/internal/sql/executor/aggregations.go:820.3,820.36 1 0
github.com/stoolap/stoolap/internal/sql/executor/aggregations.go:820.36,821.27 1 0
github.com/stoolap/stoolap/internal/sql/executor/aggregations.go:821.27,823.26 1 0
github.com/stoolap/stoolap/internal/sql/executor/aggregations.go:823.26,826.6 1 0
github.com/stoolap/stoolap/internal/sql/executor/aggregations.go:826.11,826.30 1 0
github.com/stoolap/stoolap/internal/sql/executor/aggregations.go:826.30,831.74 2 0
github.com/stoolap/stoolap/internal/sql/executor/aggregations.go:831.74,834.7 1 0
github.com/stoolap/stoolap/internal/sql/executor/aggregations.go:834.12,841.7 3 0
github.com/stoolap/stoolap/internal/sql/executor/aggregations.go:844.6,845.44 2 0
github.com/stoolap/stoolap/internal/sql/executor/aggregations.go:845.44,846.32 1 0
github.com/stoolap/stoolap/internal/sql/executor/aggregations.go:846.32,848.13 2 0
github.com/stoolap/stoolap/internal/sql/executor/aggregations.go:853.6,853.70 1 0
github.com/stoolap/stoolap/internal/sql/executor/aggregations.go:853.70,856.7 2 0
github.com/stoolap/stoolap/internal/sql/executor/aggregations.go:857.11,860.44 2 0
github.com/stoolap/stoolap/internal/sql/executor/aggregations.go:860.44,861.32 1 0
github.com/stoolap/stoolap/internal/sql/executor/aggregations.go:861.32,863.13 2 0
github.com/stoolap/stoolap/internal/sql/executor/aggregations.go:867.6,867.70 1 0
github.com/stoolap/stoolap/internal/sql/executor/aggregations.go:867.70,869.7 1 0
github.com/stoolap/stoolap/internal/sql/executor/aggregations.go:871.10,873.35 1 0
github.com/stoolap/stoolap/internal/sql/executor/aggregations.go:873.35,876.44 2 0
github.com/stoolap/stoolap/internal/sql/executor/aggregations.go:876.44,877.32 1 0
github.com/stoolap/stoolap/internal/sql/executor/aggregations.go:877.32,879.13 2 0
github.com/stoolap/stoolap/internal/sql/executor/aggregations.go:884.6,884.46 1 0
github.com/stoolap/stoolap/internal/sql/executor/aggregations.go:884.46,886.7 1 0
github.com/stoolap/stoolap/internal/sql/executor/aggregations.go:893.2,893.35 1 0
github.com/stoolap/stoolap/internal/sql/executor/aggregations.go:893.35,894.44 1 0
github.com/stoolap/stoolap/internal/sql/executor/aggregations.go:894.44,896.69 1 0
github.com/stoolap/stoolap/internal/sql/executor/aggregations.go:896.69,904.5 3 0
github.com/stoolap/stoolap/internal/sql/executor/aggregations.go:905.9,905.33 1 0
github.com/stoolap/stoolap/internal/sql/executor/aggregations.go:905.33,907.34 1 0
github.com/stoolap/stoolap/internal/sql/executor/aggregations.go:907.34,909.5 1 0
github.com/stoolap/stoolap/internal/sql/executor/aggregations.go:914.2,915.35 2 0
github.com/stoolap/stoolap/internal/sql/executor/aggregations.go:915.35,916.22 1 0
github.com/stoolap/stoolap/internal/sql/executor/aggregations.go:916.22,919.4 1 0
github.com/stoolap/stoolap/internal/sql/executor/aggregations.go:919.9,921.25 1 0
github.com/stoolap/stoolap/internal/sql/executor/aggregations.go:921.25,923.5 1 0
github.com/stoolap/stoolap/internal/sql/executor/aggregations.go:923.10,925.5 1 0
github.com/stoolap/stoolap/internal/sql/executor/aggregations.go:930.2,939.8 3 0
github.com/stoolap/stoolap/internal/sql/executor/aliased_result.go:29.27,31.4 1 0
github.com/stoolap/stoolap/internal/sql/executor/aliased_result.go:34.27,36.4 1 0
github.com/stoolap/stoolap/internal/sql/executor/aliased_result.go:63.86,67.31 2 0
github.com/stoolap/stoolap/internal/sql/executor/aliased_result.go:67.31,69.3 1 0
github.com/stoolap/stoolap/internal/sql/executor/aliased_result.go:72.2,74.32 2 0
github.com/stoolap/stoolap/internal/sql/executor/aliased_result.go:74.32,76.3 1 0
github.com/stoolap/stoolap/internal/sql/executor/aliased_result.go:79.2,81.32 2 0
github.com/stoolap/stoolap/internal/sql/executor/aliased_result.go:81.32,83.3 1 0
github.com/stoolap/stoolap/internal/sql/executor/aliased_result.go:86.2,89.23 3 0
github.com/stoolap/stoolap/internal/sql/executor/aliased_result.go:89.23,94.33 2 0
github.com/stoolap/stoolap/internal/sql/executor/aliased_result.go:94.33,96.4 1 0
github.com/stoolap/stoolap/internal/sql/executor/aliased_result.go:98.3,105.4 1 0
github.com/stoolap/stoolap/internal/sql/executor/aliased_result.go:109.2,109.42 1 0
github.com/stoolap/stoolap/internal/sql/executor/aliased_result.go:109.42,112.3 2 0
github.com/stoolap/stoolap/internal/sql/executor/aliased_result.go:115.2,115.36 1 0
github.com/stoolap/stoolap/internal/sql/executor/aliased_result.go:115.36,116.51 1 0
github.com/stoolap/stoolap/internal/sql/executor/aliased_result.go:116.51,118.4 1 0
github.com/stoolap/stoolap/internal/sql/executor/aliased_result.go:118.9,120.4 1 0
github.com/stoolap/stoolap/internal/sql/executor/aliased_result.go:124.2,124.32 1 0
github.com/stoolap/stoolap/internal/sql/executor/aliased_result.go:124.32,126.3 1 0
github.com/stoolap/stoolap/internal/sql/executor/aliased_result.go:128.2,137.15 2 0
github.com/stoolap/stoolap/internal/sql/executor/aliased_result.go:141.44,144.2 1 0
github.com/stoolap/stoolap/internal/sql/executor/aliased_result.go:147.37,149.2 1 0
github.com/stoolap/stoolap/internal/sql/executor/aliased_result.go:152.57,158.40 1 0
github.com/stoolap/stoolap/internal/sql/executor/aliased_result.go:158.40,160.3 1 0
github.com/stoolap/stoolap/internal/sql/executor/aliased_result.go:163.2,164.16 2 0
github.com/stoolap/stoolap/internal/sql/executor/aliased_result.go:164.16,166.3 1 0
github.com/stoolap/stoolap/internal/sql/executor/aliased_result.go:169.2,169.41 1 0
github.com/stoolap/stoolap/internal/sql/executor/aliased_result.go:169.41,175.52 3 0
github.com/stoolap/stoolap/internal/sql/executor/aliased_result.go:175.52,177.4 1 0
github.com/stoolap/stoolap/internal/sql/executor/aliased_result.go:177.9,179.4 1 0
github.com/stoolap/stoolap/internal/sql/executor/aliased_result.go:182.3,182.45 1 0
github.com/stoolap/stoolap/internal/sql/executor/aliased_result.go:182.45,183.36 1 0
github.com/stoolap/stoolap/internal/sql/executor/aliased_result.go:183.36,185.10 2 0
github.com/stoolap/stoolap/internal/sql/executor/aliased_result.go:190.3,190.49 1 0
github.com/stoolap/stoolap/internal/sql/executor/aliased_result.go:190.49,195.80 2 0
github.com/stoolap/stoolap/internal/sql/executor/aliased_result.go:195.80,197.5 1 0
github.com/stoolap/stoolap/internal/sql/executor/aliased_result.go:198.9,200.4 1 0
github.com/stoolap/stoolap/internal/sql/executor/aliased_result.go:203.2,203.12 1 0
github.com/stoolap/stoolap/internal/sql/executor/aliased_result.go:207.39,209.22 1 0
github.com/stoolap/stoolap/internal/sql/executor/aliased_result.go:209.22,211.28 1 0
github.com/stoolap/stoolap/internal/sql/executor/aliased_result.go:211.28,213.4 1 0
github.com/stoolap/stoolap/internal/sql/executor/aliased_result.go:214.3,215.18 2 0
github.com/stoolap/stoolap/internal/sql/executor/aliased_result.go:218.2,218.29 1 0
github.com/stoolap/stoolap/internal/sql/executor/aliased_result.go:218.29,220.35 1 0
github.com/stoolap/stoolap/internal/sql/executor/aliased_result.go:220.35,222.4 1 0
github.com/stoolap/stoolap/internal/sql/executor/aliased_result.go:223.3,224.25 2 0
github.com/stoolap/stoolap/internal/sql/executor/aliased_result.go:227.2,227.29 1 0
github.com/stoolap/stoolap/internal/sql/executor/aliased_result.go:227.29,229.35 1 0
github.com/stoolap/stoolap/internal/sql/executor/aliased_result.go:229.35,231.4 1 0
github.com/stoolap/stoolap/internal/sql/executor/aliased_result.go:232.3,233.25 2 0
github.com/stoolap/stoolap/internal/sql/executor/aliased_result.go:237.2,237.29 1 0
github.com/stoolap/stoolap/internal/sql/executor/aliased_result.go:241.46,243.2 1 0
github.com/stoolap/stoolap/internal/sql/executor/aliased_result.go:246.46,248.2 1 0
github.com/stoolap/stoolap/internal/sql/executor/aliased_result.go:251.51,253.2 1 0
github.com/stoolap/stoolap/internal/sql/executor/aliased_result.go:256.79,260.33 2 0
github.com/stoolap/stoolap/internal/sql/executor/aliased_result.go:260.33,262.3 1 0
github.com/stoolap/stoolap/internal/sql/executor/aliased_result.go:265.2,265.40 1 0
github.com/stoolap/stoolap/internal/sql/executor/aliased_result.go:265.40,267.3 1 0
github.com/stoolap/stoolap/internal/sql/executor/aliased_result.go:270.2,270.38 1 0
github.com/stoolap/stoolap/internal/sql/executor/aliased_result.go:270.38,272.56 1 0
github.com/stoolap/stoolap/internal/sql/executor/aliased_result.go:272.56,274.4 1 0
github.com/stoolap/stoolap/internal/sql/executor/aliased_result.go:274.9,276.4 1 0
github.com/stoolap/stoolap/internal/sql/executor/aliased_result.go:280.2,285.15 3 0
github.com/stoolap/stoolap/internal/sql/executor/aliased_result.go:290.43,292.2 1 0
github.com/stoolap/stoolap/internal/sql/executor/ddl.go:28.104,34.16 3 0
github.com/stoolap/stoolap/internal/sql/executor/ddl.go:34.16,36.3 1 0
github.com/stoolap/stoolap/internal/sql/executor/ddl.go:37.2,37.13 1 0
github.com/stoolap/stoolap/internal/sql/executor/ddl.go:37.13,39.3 1 0
github.com/stoolap/stoolap/internal/sql/executor/ddl.go:42.2,46.16 3 0
github.com/stoolap/stoolap/internal/sql/executor/ddl.go:46.16,48.3 1 0
github.com/stoolap/stoolap/internal/sql/executor/ddl.go:49.2,49.17 1 0
github.com/stoolap/stoolap/internal/sql/executor/ddl.go:49.17,50.23 1 0
github.com/stoolap/stoolap/internal/sql/executor/ddl.go:50.23,53.4 1 0
github.com/stoolap/stoolap/internal/sql/executor/ddl.go:54.3,54.81 1 0
github.com/stoolap/stoolap/internal/sql/executor/ddl.go:58.2,59.35 2 0
github.com/stoolap/stoolap/internal/sql/executor/ddl.go:59.35,61.3 1 0
github.com/stoolap/stoolap/internal/sql/executor/ddl.go:64.2,69.16 3 0
github.com/stoolap/stoolap/internal/sql/executor/ddl.go:69.16,71.3 1 0
github.com/stoolap/stoolap/internal/sql/executor/ddl.go:74.2,74.34 1 0
github.com/stoolap/stoolap/internal/sql/executor/ddl.go:74.34,77.17 2 0
github.com/stoolap/stoolap/internal/sql/executor/ddl.go:77.17,78.12 1 0
github.com/stoolap/stoolap/internal/sql/executor/ddl.go:82.3,82.79 1 0
github.com/stoolap/stoolap/internal/sql/executor/ddl.go:82.79,83.24 1 0
github.com/stoolap/stoolap/internal/sql/executor/ddl.go:83.24,86.5 1 0
github.com/stoolap/stoolap/internal/sql/executor/ddl.go:87.4,88.16 2 0
github.com/stoolap/stoolap/internal/sql/executor/ddl.go:88.16,91.5 2 0
github.com/stoolap/stoolap/internal/sql/executor/ddl.go:91.10,94.5 2 0
github.com/stoolap/stoolap/internal/sql/executor/ddl.go:95.4,96.71 1 0
github.com/stoolap/stoolap/internal/sql/executor/ddl.go:101.2,101.69 1 0
github.com/stoolap/stoolap/internal/sql/executor/ddl.go:105.100,111.16 3 0
github.com/stoolap/stoolap/internal/sql/executor/ddl.go:111.16,113.3 1 0
github.com/stoolap/stoolap/internal/sql/executor/ddl.go:114.2,114.13 1 0
github.com/stoolap/stoolap/internal/sql/executor/ddl.go:114.13,116.3 1 0
github.com/stoolap/stoolap/internal/sql/executor/ddl.go:119.2,123.16 3 0
github.com/stoolap/stoolap/internal/sql/executor/ddl.go:123.16,125.3 1 0
github.com/stoolap/stoolap/internal/sql/executor/ddl.go:126.2,126.18 1 0
github.com/stoolap/stoolap/internal/sql/executor/ddl.go:126.18,127.20 1 0
github.com/stoolap/stoolap/internal/sql/executor/ddl.go:127.20,130.4 1 0
github.com/stoolap/stoolap/internal/sql/executor/ddl.go:131.3,131.81 1 0
github.com/stoolap/stoolap/internal/sql/executor/ddl.go:135.2,135.48 1 0
github.com/stoolap/stoolap/internal/sql/executor/ddl.go:139.120,155.14 7 0
github.com/stoolap/stoolap/internal/sql/executor/ddl.go:155.14,157.3 1 0
github.com/stoolap/stoolap/internal/sql/executor/ddl.go:157.8,159.3 1 0
github.com/stoolap/stoolap/internal/sql/executor/ddl.go:162.2,163.16 2 0
github.com/stoolap/stoolap/internal/sql/executor/ddl.go:163.16,165.3 1 0
github.com/stoolap/stoolap/internal/sql/executor/ddl.go:167.2,167.17 1 0
github.com/stoolap/stoolap/internal/sql/executor/ddl.go:167.17,168.23 1 0
github.com/stoolap/stoolap/internal/sql/executor/ddl.go:168.23,171.4 1 0
github.com/stoolap/stoolap/internal/sql/executor/ddl.go:172.3,172.106 1 0
github.com/stoolap/stoolap/internal/sql/executor/ddl.go:177.2,178.16 2 0
github.com/stoolap/stoolap/internal/sql/executor/ddl.go:178.16,180.3 1 0
github.com/stoolap/stoolap/internal/sql/executor/ddl.go:183.2,183.34 1 0
github.com/stoolap/stoolap/internal/sql/executor/ddl.go:183.34,185.35 1 0
github.com/stoolap/stoolap/internal/sql/executor/ddl.go:185.35,186.12 1 0
github.com/stoolap/stoolap/internal/sql/executor/ddl.go:190.3,191.17 2 0
github.com/stoolap/stoolap/internal/sql/executor/ddl.go:191.17,192.12 1 0
github.com/stoolap/stoolap/internal/sql/executor/ddl.go:196.3,197.90 2 0
github.com/stoolap/stoolap/internal/sql/executor/ddl.go:197.90,198.24 1 0
github.com/stoolap/stoolap/internal/sql/executor/ddl.go:198.24,201.5 1 0
github.com/stoolap/stoolap/internal/sql/executor/ddl.go:202.4,203.16 2 0
github.com/stoolap/stoolap/internal/sql/executor/ddl.go:203.16,206.5 2 0
github.com/stoolap/stoolap/internal/sql/executor/ddl.go:206.10,209.5 2 0
github.com/stoolap/stoolap/internal/sql/executor/ddl.go:210.4,211.54 1 0
github.com/stoolap/stoolap/internal/sql/executor/ddl.go:216.2,217.16 2 0
github.com/stoolap/stoolap/internal/sql/executor/ddl.go:217.16,219.3 1 0
github.com/stoolap/stoolap/internal/sql/executor/ddl.go:221.2,221.23 1 0
github.com/stoolap/stoolap/internal/sql/executor/ddl.go:221.23,222.23 1 0
github.com/stoolap/stoolap/internal/sql/executor/ddl.go:222.23,225.4 1 0
github.com/stoolap/stoolap/internal/sql/executor/ddl.go:226.3,227.26 1 0
github.com/stoolap/stoolap/internal/sql/executor/ddl.go:231.2,231.86 1 0
github.com/stoolap/stoolap/internal/sql/executor/ddl.go:235.116,246.16 5 0
github.com/stoolap/stoolap/internal/sql/executor/ddl.go:246.16,248.3 1 0
github.com/stoolap/stoolap/internal/sql/executor/ddl.go:251.2,251.17 1 0
github.com/stoolap/stoolap/internal/sql/executor/ddl.go:251.17,253.3 1 0
github.com/stoolap/stoolap/internal/sql/executor/ddl.go:256.2,258.16 3 0
github.com/stoolap/stoolap/internal/sql/executor/ddl.go:258.16,260.3 1 0
github.com/stoolap/stoolap/internal/sql/executor/ddl.go:263.2,263.17 1 0
github.com/stoolap/stoolap/internal/sql/executor/ddl.go:263.17,265.3 1 0
github.com/stoolap/stoolap/internal/sql/executor/ddl.go:268.2,269.16 2 0
github.com/stoolap/stoolap/internal/sql/executor/ddl.go:269.16,271.3 1 0
github.com/stoolap/stoolap/internal/sql/executor/ddl.go:273.2,273.17 1 0
github.com/stoolap/stoolap/internal/sql/executor/ddl.go:273.17,275.3 1 0
github.com/stoolap/stoolap/internal/sql/executor/ddl.go:278.2,278.19 1 0
github.com/stoolap/stoolap/internal/sql/executor/ddl.go:278.19,281.3 1 0
github.com/stoolap/stoolap/internal/sql/executor/ddl.go:282.2,282.97 1 0
github.com/stoolap/stoolap/internal/sql/executor/ddl.go:286.102,292.16 3 0
github.com/stoolap/stoolap/internal/sql/executor/ddl.go:292.16,294.3 1 0
github.com/stoolap/stoolap/internal/sql/executor/ddl.go:295.2,295.13 1 0
github.com/stoolap/stoolap/internal/sql/executor/ddl.go:295.13,297.3 1 0
github.com/stoolap/stoolap/internal/sql/executor/ddl.go:300.2,300.24 1 0
github.com/stoolap/stoolap/internal/sql/executor/ddl.go:301.24,303.28 1 0
github.com/stoolap/stoolap/internal/sql/executor/ddl.go:303.28,305.4 1 0
github.com/stoolap/stoolap/internal/sql/executor/ddl.go:308.3,309.17 2 0
github.com/stoolap/stoolap/internal/sql/executor/ddl.go:309.17,311.4 1 0
github.com/stoolap/stoolap/internal/sql/executor/ddl.go:315.3,316.17 2 0
github.com/stoolap/stoolap/internal/sql/executor/ddl.go:316.17,318.4 1 0
github.com/stoolap/stoolap/internal/sql/executor/ddl.go:321.3,322.40 2 0
github.com/stoolap/stoolap/internal/sql/executor/ddl.go:322.40,323.58 1 0
github.com/stoolap/stoolap/internal/sql/executor/ddl.go:323.58,324.75 1 0
github.com/stoolap/stoolap/internal/sql/executor/ddl.go:324.75,326.11 2 0
github.com/stoolap/stoolap/internal/sql/executor/ddl.go:331.3,331.75 1 0
github.com/stoolap/stoolap/internal/sql/executor/ddl.go:333.25,335.29 1 0
github.com/stoolap/stoolap/internal/sql/executor/ddl.go:335.29,337.4 1 0
github.com/stoolap/stoolap/internal/sql/executor/ddl.go:340.3,340.62 1 0
github.com/stoolap/stoolap/internal/sql/executor/ddl.go:342.27,344.58 1 0
github.com/stoolap/stoolap/internal/sql/executor/ddl.go:344.58,346.4 1 0
github.com/stoolap/stoolap/internal/sql/executor/ddl.go:349.3,349.90 1 0
github.com/stoolap/stoolap/internal/sql/executor/ddl.go:351.27,353.28 1 0
github.com/stoolap/stoolap/internal/sql/executor/ddl.go:353.28,355.4 1 0
github.com/stoolap/stoolap/internal/sql/executor/ddl.go:358.3,359.17 2 0
github.com/stoolap/stoolap/internal/sql/executor/ddl.go:359.17,361.4 1 0
github.com/stoolap/stoolap/internal/sql/executor/ddl.go:364.3,365.17 2 0
github.com/stoolap/stoolap/internal/sql/executor/ddl.go:365.17,367.4 1 0
github.com/stoolap/stoolap/internal/sql/executor/ddl.go:370.3,371.17 2 0
github.com/stoolap/stoolap/internal/sql/executor/ddl.go:371.17,373.4 1 0
github.com/stoolap/stoolap/internal/sql/executor/ddl.go:376.3,377.40 2 0
github.com/stoolap/stoolap/internal/sql/executor/ddl.go:377.40,378.58 1 0
github.com/stoolap/stoolap/internal/sql/executor/ddl.go:378.58,379.75 1 0
github.com/stoolap/stoolap/internal/sql/executor/ddl.go:379.75,381.11 2 0
github.com/stoolap/stoolap/internal/sql/executor/ddl.go:387.3,387.75 1 0
github.com/stoolap/stoolap/internal/sql/executor/ddl.go:389.26,391.31 1 0
github.com/stoolap/stoolap/internal/sql/executor/ddl.go:391.31,393.4 1 0
github.com/stoolap/stoolap/internal/sql/executor/ddl.go:396.3,396.60 1 0
github.com/stoolap/stoolap/internal/sql/executor/ddl.go:398.10,399.77 1 0
github.com/stoolap/stoolap/internal/sql/executor/ddl.go:404.104,410.16 3 0
github.com/stoolap/stoolap/internal/sql/executor/ddl.go:410.16,412.3 1 0
github.com/stoolap/stoolap/internal/sql/executor/ddl.go:413.2,413.12 1 0
github.com/stoolap/stoolap/internal/sql/executor/ddl.go:413.12,414.23 1 0
github.com/stoolap/stoolap/internal/sql/executor/ddl.go:414.23,417.4 1 0
github.com/stoolap/stoolap/internal/sql/executor/ddl.go:418.3,418.58 1 0
github.com/stoolap/stoolap/internal/sql/executor/ddl.go:422.2,430.38 2 0
github.com/stoolap/stoolap/internal/sql/executor/ddl.go:430.38,433.17 2 0
github.com/stoolap/stoolap/internal/sql/executor/ddl.go:433.17,435.4 1 0
github.com/stoolap/stoolap/internal/sql/executor/ddl.go:438.3,439.32 2 0
github.com/stoolap/stoolap/internal/sql/executor/ddl.go:439.32,440.50 1 0
github.com/stoolap/stoolap/internal/sql/executor/ddl.go:440.50,441.75 1 0
github.com/stoolap/stoolap/internal/sql/executor/ddl.go:441.75,443.11 2 0
github.com/stoolap/stoolap/internal/sql/executor/ddl.go:449.3,450.32 2 0
github.com/stoolap/stoolap/internal/sql/executor/ddl.go:450.32,451.50 1 0
github.com/stoolap/stoolap/internal/sql/executor/ddl.go:451.50,452.78 1 0
github.com/stoolap/stoolap/internal/sql/executor/ddl.go:452.78,454.11 2 0
github.com/stoolap/stoolap/internal/sql/executor/ddl.go:460.3,466.4 1 0
github.com/stoolap/stoolap/internal/sql/executor/ddl.go:470.2,471.12 2 0
github.com/stoolap/stoolap/internal/sql/executor/ddl.go:475.100,481.16 3 0
github.com/stoolap/stoolap/internal/sql/executor/ddl.go:481.16,483.3 1 0
github.com/stoolap/stoolap/internal/sql/executor/ddl.go:484.2,484.13 1 0
github.com/stoolap/stoolap/internal/sql/executor/ddl.go:484.13,485.20 1 0
github.com/stoolap/stoolap/internal/sql/executor/ddl.go:485.20,488.4 1 0
github.com/stoolap/stoolap/internal/sql/executor/ddl.go:489.3,489.34 1 0
github.com/stoolap/stoolap/internal/sql/executor/ddl.go:493.2,493.32 1 0
github.com/stoolap/stoolap/internal/sql/executor/ddl.go:498.55,499.36 1 0
github.com/stoolap/stoolap/internal/sql/executor/ddl.go:499.36,501.3 1 0
github.com/stoolap/stoolap/internal/sql/executor/ddl.go:504.2,505.31 2 0
github.com/stoolap/stoolap/internal/sql/executor/ddl.go:505.31,507.3 1 0
github.com/stoolap/stoolap/internal/sql/executor/ddl.go:510.2,510.31 1 0
github.com/stoolap/stoolap/internal/sql/executor/ddl.go:510.31,511.38 1 0
github.com/stoolap/stoolap/internal/sql/executor/ddl.go:511.38,513.4 1 0
github.com/stoolap/stoolap/internal/sql/executor/ddl.go:516.2,516.13 1 0
github.com/stoolap/stoolap/internal/sql/executor/distinct_result.go:37.63,49.2 2 0
github.com/stoolap/stoolap/internal/sql/executor/distinct_result.go:52.39,53.15 1 0
github.com/stoolap/stoolap/internal/sql/executor/distinct_result.go:53.15,55.3 1 0
github.com/stoolap/stoolap/internal/sql/executor/distinct_result.go:58.2,58.23 1 0
github.com/stoolap/stoolap/internal/sql/executor/distinct_result.go:58.23,61.17 2 0
github.com/stoolap/stoolap/internal/sql/executor/distinct_result.go:61.17,64.4 2 0
github.com/stoolap/stoolap/internal/sql/executor/distinct_result.go:67.3,70.41 2 0
github.com/stoolap/stoolap/internal/sql/executor/distinct_result.go:70.41,76.4 4 0
github.com/stoolap/stoolap/internal/sql/executor/distinct_result.go:82.2,83.14 2 0
github.com/stoolap/stoolap/internal/sql/executor/distinct_result.go:88.48,89.22 1 0
github.com/stoolap/stoolap/internal/sql/executor/distinct_result.go:89.22,91.3 1 0
github.com/stoolap/stoolap/internal/sql/executor/distinct_result.go:92.2,92.22 1 0
github.com/stoolap/stoolap/internal/sql/executor/distinct_result.go:96.45,97.22 1 0
github.com/stoolap/stoolap/internal/sql/executor/distinct_result.go:97.22,99.3 1 0
github.com/stoolap/stoolap/internal/sql/executor/distinct_result.go:100.2,100.22 1 0
github.com/stoolap/stoolap/internal/sql/executor/distinct_result.go:104.59,105.35 1 0
github.com/stoolap/stoolap/internal/sql/executor/distinct_result.go:105.35,107.3 1 0
github.com/stoolap/stoolap/internal/sql/executor/distinct_result.go:109.2,109.37 1 0
github.com/stoolap/stoolap/internal/sql/executor/distinct_result.go:109.37,111.3 1 0
github.com/stoolap/stoolap/internal/sql/executor/distinct_result.go:113.2,113.36 1 0
github.com/stoolap/stoolap/internal/sql/executor/distinct_result.go:113.36,115.76 1 0
github.com/stoolap/stoolap/internal/sql/executor/distinct_result.go:115.76,117.4 1 0
github.com/stoolap/stoolap/internal/sql/executor/distinct_result.go:120.2,120.12 1 0
github.com/stoolap/stoolap/internal/sql/executor/distinct_result.go:124.46,126.2 1 0
github.com/stoolap/stoolap/internal/sql/executor/distinct_result.go:129.41,130.15 1 0
github.com/stoolap/stoolap/internal/sql/executor/distinct_result.go:130.15,132.3 1 0
github.com/stoolap/stoolap/internal/sql/executor/distinct_result.go:133.2,134.26 2 0
github.com/stoolap/stoolap/internal/sql/executor/distinct_result.go:138.48,140.2 1 0
github.com/stoolap/stoolap/internal/sql/executor/distinct_result.go:143.48,145.2 1 0
github.com/stoolap/stoolap/internal/sql/executor/distinct_result.go:148.53,150.2 1 0
github.com/stoolap/stoolap/internal/sql/executor/distinct_result.go:153.81,159.2 2 0
github.com/stoolap/stoolap/internal/sql/executor/distinct_result.go:162.43,165.26 2 0
github.com/stoolap/stoolap/internal/sql/executor/distinct_result.go:165.26,166.12 1 0
github.com/stoolap/stoolap/internal/sql/executor/distinct_result.go:166.12,168.4 1 0
github.com/stoolap/stoolap/internal/sql/executor/distinct_result.go:170.3,170.33 1 0
github.com/stoolap/stoolap/internal/sql/executor/distinct_result.go:170.33,172.4 1 0
github.com/stoolap/stoolap/internal/sql/executor/distinct_result.go:172.9,176.4 1 0
github.com/stoolap/stoolap/internal/sql/executor/distinct_result.go:178.2,178.20 1 0
github.com/stoolap/stoolap/internal/sql/executor/dml.go:35.27,38.4 2 0
github.com/stoolap/stoolap/internal/sql/executor/dml.go:42.27,45.4 2 0
github.com/stoolap/stoolap/internal/sql/executor/dml.go:50.27,53.4 2 0
github.com/stoolap/stoolap/internal/sql/executor/dml.go:59.174,60.26 1 0
github.com/stoolap/stoolap/internal/sql/executor/dml.go:61.25,62.16 1 0
github.com/stoolap/stoolap/internal/sql/executor/dml.go:62.16,65.4 2 0
github.com/stoolap/stoolap/internal/sql/executor/dml.go:66.3,66.18 1 0
github.com/stoolap/stoolap/internal/sql/executor/dml.go:67.30,68.22 1 0
github.com/stoolap/stoolap/internal/sql/executor/dml.go:69.28,70.22 1 0
github.com/stoolap/stoolap/internal/sql/executor/dml.go:71.29,72.22 1 0
github.com/stoolap/stoolap/internal/sql/executor/dml.go:73.30,74.22 1 0
github.com/stoolap/stoolap/internal/sql/executor/dml.go:75.27,76.18 1 0
github.com/stoolap/stoolap/internal/sql/executor/dml.go:77.28,79.22 1 0
github.com/stoolap/stoolap/internal/sql/executor/dml.go:79.22,81.4 1 0
github.com/stoolap/stoolap/internal/sql/executor/dml.go:84.3,85.16 2 0
github.com/stoolap/stoolap/internal/sql/executor/dml.go:85.16,87.4 1 0
github.com/stoolap/stoolap/internal/sql/executor/dml.go:90.3,90.28 1 0
github.com/stoolap/stoolap/internal/sql/executor/dml.go:90.28,93.4 2 0
github.com/stoolap/stoolap/internal/sql/executor/dml.go:96.3,98.35 3 0
github.com/stoolap/stoolap/internal/sql/executor/dml.go:98.35,100.4 1 0
github.com/stoolap/stoolap/internal/sql/executor/dml.go:100.9,102.4 1 0
github.com/stoolap/stoolap/internal/sql/executor/dml.go:104.3,104.16 1 0
github.com/stoolap/stoolap/internal/sql/executor/dml.go:104.16,107.4 2 0
github.com/stoolap/stoolap/internal/sql/executor/dml.go:110.3,110.35 1 0
github.com/stoolap/stoolap/internal/sql/executor/dml.go:110.35,112.18 2 0
github.com/stoolap/stoolap/internal/sql/executor/dml.go:112.18,114.5 1 0
github.com/stoolap/stoolap/internal/sql/executor/dml.go:115.4,115.17 1 0
github.com/stoolap/stoolap/internal/sql/executor/dml.go:119.3,120.17 2 0
github.com/stoolap/stoolap/internal/sql/executor/dml.go:120.17,122.4 1 0
github.com/stoolap/stoolap/internal/sql/executor/dml.go:124.3,124.21 1 0
github.com/stoolap/stoolap/internal/sql/executor/dml.go:125.26,127.17 1 0
github.com/stoolap/stoolap/internal/sql/executor/dml.go:127.17,128.43 1 0
github.com/stoolap/stoolap/internal/sql/executor/dml.go:128.43,130.5 1 0
github.com/stoolap/stoolap/internal/sql/executor/dml.go:132.3,132.58 1 0
github.com/stoolap/stoolap/internal/sql/executor/dml.go:133.31,136.17 2 0
github.com/stoolap/stoolap/internal/sql/executor/dml.go:136.17,138.4 1 0
github.com/stoolap/stoolap/internal/sql/executor/dml.go:139.3,140.17 2 0
github.com/stoolap/stoolap/internal/sql/executor/dml.go:140.17,142.4 1 0
github.com/stoolap/stoolap/internal/sql/executor/dml.go:144.3,144.21 1 0
github.com/stoolap/stoolap/internal/sql/executor/dml.go:145.12,146.47 1 0
github.com/stoolap/stoolap/internal/sql/executor/dml.go:147.12,148.47 1 0
github.com/stoolap/stoolap/internal/sql/executor/dml.go:149.12,150.47 1 0
github.com/stoolap/stoolap/internal/sql/executor/dml.go:151.12,152.47 1 0
github.com/stoolap/stoolap/internal/sql/executor/dml.go:153.13,157.34 3 0
github.com/stoolap/stoolap/internal/sql/executor/dml.go:158.12,159.42 1 0
github.com/stoolap/stoolap/internal/sql/executor/dml.go:160.19,161.43 1 0
github.com/stoolap/stoolap/internal/sql/executor/dml.go:162.12,163.43 1 0
github.com/stoolap/stoolap/internal/sql/executor/dml.go:164.13,165.44 1 0
github.com/stoolap/stoolap/internal/sql/executor/dml.go:166.12,167.43 1 0
github.com/stoolap/stoolap/internal/sql/executor/dml.go:168.13,169.44 1 0
github.com/stoolap/stoolap/internal/sql/executor/dml.go:170.11,171.72 1 0
github.com/stoolap/stoolap/internal/sql/executor/dml.go:173.30,175.22 1 0
github.com/stoolap/stoolap/internal/sql/executor/dml.go:175.22,177.4 1 0
github.com/stoolap/stoolap/internal/sql/executor/dml.go:179.3,180.16 2 0
github.com/stoolap/stoolap/internal/sql/executor/dml.go:180.16,182.4 1 0
github.com/stoolap/stoolap/internal/sql/executor/dml.go:185.3,186.17 2 0
github.com/stoolap/stoolap/internal/sql/executor/dml.go:186.17,188.4 1 0
github.com/stoolap/stoolap/internal/sql/executor/dml.go:191.3,192.17 2 0
github.com/stoolap/stoolap/internal/sql/executor/dml.go:192.17,194.4 1 0
github.com/stoolap/stoolap/internal/sql/executor/dml.go:196.3,196.21 1 0
github.com/stoolap/stoolap/internal/sql/executor/dml.go:197.30,199.49 1 0
github.com/stoolap/stoolap/internal/sql/executor/dml.go:200.10,201.66 1 0
github.com/stoolap/stoolap/internal/sql/executor/dml.go:206.82,208.33 1 0
github.com/stoolap/stoolap/internal/sql/executor/dml.go:208.33,210.3 1 0
github.com/stoolap/stoolap/internal/sql/executor/dml.go:213.2,216.31 3 0
github.com/stoolap/stoolap/internal/sql/executor/dml.go:216.31,218.3 1 0
github.com/stoolap/stoolap/internal/sql/executor/dml.go:220.2,220.12 1 0
github.com/stoolap/stoolap/internal/sql/executor/dml.go:221.11,222.33 1 0
github.com/stoolap/stoolap/internal/sql/executor/dml.go:223.11,224.33 1 0
github.com/stoolap/stoolap/internal/sql/executor/dml.go:225.11,226.33 1 0
github.com/stoolap/stoolap/internal/sql/executor/dml.go:227.11,228.20 1 0
github.com/stoolap/stoolap/internal/sql/executor/dml.go:228.20,230.4 1 0
github.com/stoolap/stoolap/internal/sql/executor/dml.go:231.3,231.33 1 0
github.com/stoolap/stoolap/internal/sql/executor/dml.go:232.10,233.68 1 0
github.com/stoolap/stoolap/internal/sql/executor/dml.go:238.55,239.25 1 0
github.com/stoolap/stoolap/internal/sql/executor/dml.go:240.13,241.26 1 0
github.com/stoolap/stoolap/internal/sql/executor/dml.go:242.15,243.17 1 0
github.com/stoolap/stoolap/internal/sql/executor/dml.go:244.11,245.26 1 0
github.com/stoolap/stoolap/internal/sql/executor/dml.go:246.15,247.26 1 0
github.com/stoolap/stoolap/internal/sql/executor/dml.go:248.10,249.18 1 0
github.com/stoolap/stoolap/internal/sql/executor/dml.go:254.173,258.27 3 0
github.com/stoolap/stoolap/internal/sql/executor/dml.go:258.27,260.17 2 0
github.com/stoolap/stoolap/internal/sql/executor/dml.go:260.17,262.4 1 0
github.com/stoolap/stoolap/internal/sql/executor/dml.go:266.2,266.44 1 0
github.com/stoolap/stoolap/internal/sql/executor/dml.go:266.44,269.28 2 0
github.com/stoolap/stoolap/internal/sql/executor/dml.go:269.28,272.18 2 0
github.com/stoolap/stoolap/internal/sql/executor/dml.go:272.18,274.5 1 0
github.com/stoolap/stoolap/internal/sql/executor/dml.go:275.4,275.48 1 0
github.com/stoolap/stoolap/internal/sql/executor/dml.go:276.9,279.18 2 0
github.com/stoolap/stoolap/internal/sql/executor/dml.go:279.18,281.5 1 0
github.com/stoolap/stoolap/internal/sql/executor/dml.go:282.4,282.34 1 0
github.com/stoolap/stoolap/internal/sql/executor/dml.go:285.3,285.17 1 0
github.com/stoolap/stoolap/internal/sql/executor/dml.go:285.17,288.4 1 0
github.com/stoolap/stoolap/internal/sql/executor/dml.go:292.2,292.31 1 0
github.com/stoolap/stoolap/internal/sql/executor/dml.go:292.31,294.3 1 0
github.com/stoolap/stoolap/internal/sql/executor/dml.go:297.2,297.17 1 0
github.com/stoolap/stoolap/internal/sql/executor/dml.go:301.50,302.33 1 0
github.com/stoolap/stoolap/internal/sql/executor/dml.go:302.33,304.3 1 0
github.com/stoolap/stoolap/internal/sql/executor/dml.go:305.2,305.33 1 0
github.com/stoolap/stoolap/internal/sql/executor/dml.go:305.33,307.3 1 0
github.com/stoolap/stoolap/internal/sql/executor/dml.go:308.2,308.60 1 0
github.com/stoolap/stoolap/internal/sql/executor/dml.go:312.78,314.33 1 0
github.com/stoolap/stoolap/internal/sql/executor/dml.go:314.33,316.3 1 0
github.com/stoolap/stoolap/internal/sql/executor/dml.go:319.2,322.31 3 0
github.com/stoolap/stoolap/internal/sql/executor/dml.go:322.31,324.3 1 0
github.com/stoolap/stoolap/internal/sql/executor/dml.go:326.2,326.12 1 0
github.com/stoolap/stoolap/internal/sql/executor/dml.go:327.11,328.33 1 0
github.com/stoolap/stoolap/internal/sql/executor/dml.go:329.12,330.34 1 0
github.com/stoolap/stoolap/internal/sql/executor/dml.go:331.11,332.33 1 0
github.com/stoolap/stoolap/internal/sql/executor/dml.go:333.12,334.34 1 0
github.com/stoolap/stoolap/internal/sql/executor/dml.go:335.10,336.70 1 0
github.com/stoolap/stoolap/internal/sql/executor/dml.go:341.37,342.16 1 0
github.com/stoolap/stoolap/internal/sql/executor/dml.go:342.16,344.3 1 0
github.com/stoolap/stoolap/internal/sql/executor/dml.go:345.2,345.25 1 0
github.com/stoolap/stoolap/internal/sql/executor/dml.go:346.12,347.11 1 0
github.com/stoolap/stoolap/internal/sql/executor/dml.go:348.13,349.16 1 0
github.com/stoolap/stoolap/internal/sql/executor/dml.go:350.15,351.16 1 0
github.com/stoolap/stoolap/internal/sql/executor/dml.go:352.14,353.62 1 0
github.com/stoolap/stoolap/internal/sql/executor/dml.go:354.10,355.14 1 0
github.com/stoolap/stoolap/internal/sql/executor/dml.go:361.142,366.27 2 0
github.com/stoolap/stoolap/internal/sql/executor/dml.go:366.27,368.3 1 0
github.com/stoolap/stoolap/internal/sql/executor/dml.go:368.8,370.3 1 0
github.com/stoolap/stoolap/internal/sql/executor/dml.go:373.2,374.16 2 0
github.com/stoolap/stoolap/internal/sql/executor/dml.go:374.16,376.3 1 0
github.com/stoolap/stoolap/internal/sql/executor/dml.go:378.2,378.13 1 0
github.com/stoolap/stoolap/internal/sql/executor/dml.go:378.13,380.3 1 0
github.com/stoolap/stoolap/internal/sql/executor/dml.go:383.2,384.16 2 0
github.com/stoolap/stoolap/internal/sql/executor/dml.go:384.16,386.3 1 0
github.com/stoolap/stoolap/internal/sql/executor/dml.go:388.2,390.42 3 0
github.com/stoolap/stoolap/internal/sql/executor/dml.go:390.42,393.3 1 0
github.com/stoolap/stoolap/internal/sql/executor/dml.go:393.8,395.3 1 0
github.com/stoolap/stoolap/internal/sql/executor/dml.go:397.2,397.15 1 0
github.com/stoolap/stoolap/internal/sql/executor/dml.go:397.15,400.3 2 0
github.com/stoolap/stoolap/internal/sql/executor/dml.go:403.2,404.37 2 0
github.com/stoolap/stoolap/internal/sql/executor/dml.go:404.37,408.3 2 0
github.com/stoolap/stoolap/internal/sql/executor/dml.go:411.2,411.35 1 0
github.com/stoolap/stoolap/internal/sql/executor/dml.go:411.35,413.3 1 0
github.com/stoolap/stoolap/internal/sql/executor/dml.go:416.2,416.27 1 0
github.com/stoolap/stoolap/internal/sql/executor/dml.go:416.27,417.45 1 0
github.com/stoolap/stoolap/internal/sql/executor/dml.go:417.45,420.4 1 0
github.com/stoolap/stoolap/internal/sql/executor/dml.go:420.9,422.4 1 0
github.com/stoolap/stoolap/internal/sql/executor/dml.go:424.3,424.38 1 0
github.com/stoolap/stoolap/internal/sql/executor/dml.go:424.38,426.4 1 0
github.com/stoolap/stoolap/internal/sql/executor/dml.go:430.2,430.27 1 0
github.com/stoolap/stoolap/internal/sql/executor/dml.go:430.27,432.3 1 0
github.com/stoolap/stoolap/internal/sql/executor/dml.go:435.2,436.16 2 0
github.com/stoolap/stoolap/internal/sql/executor/dml.go:436.16,438.3 1 0
github.com/stoolap/stoolap/internal/sql/executor/dml.go:441.2,442.50 2 0
github.com/stoolap/stoolap/internal/sql/executor/dml.go:442.50,444.3 1 0
github.com/stoolap/stoolap/internal/sql/executor/dml.go:447.2,447.26 1 0
github.com/stoolap/stoolap/internal/sql/executor/dml.go:447.26,451.13 2 0
github.com/stoolap/stoolap/internal/sql/executor/dml.go:451.13,456.48 2 0
github.com/stoolap/stoolap/internal/sql/executor/dml.go:456.48,457.27 1 0
github.com/stoolap/stoolap/internal/sql/executor/dml.go:457.27,459.6 1 0
github.com/stoolap/stoolap/internal/sql/executor/dml.go:462.5,462.42 1 0
github.com/stoolap/stoolap/internal/sql/executor/dml.go:462.42,465.6 1 0
github.com/stoolap/stoolap/internal/sql/executor/dml.go:468.5,470.42 3 0
github.com/stoolap/stoolap/internal/sql/executor/dml.go:470.42,473.6 1 0
github.com/stoolap/stoolap/internal/sql/executor/dml.go:473.11,475.6 1 0
github.com/stoolap/stoolap/internal/sql/executor/dml.go:477.5,477.18 1 0
github.com/stoolap/stoolap/internal/sql/executor/dml.go:477.18,480.6 2 0
github.com/stoolap/stoolap/internal/sql/executor/dml.go:482.5,482.35 1 0
github.com/stoolap/stoolap/internal/sql/executor/dml.go:482.35,485.20 2 0
github.com/stoolap/stoolap/internal/sql/executor/dml.go:485.20,487.7 1 0
github.com/stoolap/stoolap/internal/sql/executor/dml.go:488.6,488.27 1 0
github.com/stoolap/stoolap/internal/sql/executor/dml.go:492.5,495.24 2 0
github.com/stoolap/stoolap/internal/sql/executor/dml.go:495.24,497.63 1 0
github.com/stoolap/stoolap/internal/sql/executor/dml.go:497.63,499.7 1 0
github.com/stoolap/stoolap/internal/sql/executor/dml.go:503.5,503.41 1 0
github.com/stoolap/stoolap/internal/sql/executor/dml.go:503.41,506.17 2 0
github.com/stoolap/stoolap/internal/sql/executor/dml.go:506.17,509.18 2 0
github.com/stoolap/stoolap/internal/sql/executor/dml.go:509.18,511.8 1 0
github.com/stoolap/stoolap/internal/sql/executor/dml.go:514.6,515.74 2 0
github.com/stoolap/stoolap/internal/sql/executor/dml.go:519.5,519.29 1 0
github.com/stoolap/stoolap/internal/sql/executor/dml.go:523.4,523.54 1 0
github.com/stoolap/stoolap/internal/sql/executor/dml.go:523.54,525.5 1 0
github.com/stoolap/stoolap/internal/sql/executor/dml.go:528.4,530.46 2 0
github.com/stoolap/stoolap/internal/sql/executor/dml.go:535.2,538.46 3 0
github.com/stoolap/stoolap/internal/sql/executor/dml.go:538.46,539.25 1 0
github.com/stoolap/stoolap/internal/sql/executor/dml.go:539.25,541.4 1 0
github.com/stoolap/stoolap/internal/sql/executor/dml.go:543.3,545.40 3 0
github.com/stoolap/stoolap/internal/sql/executor/dml.go:545.40,548.4 1 0
github.com/stoolap/stoolap/internal/sql/executor/dml.go:548.9,550.4 1 0
github.com/stoolap/stoolap/internal/sql/executor/dml.go:552.3,552.16 1 0
github.com/stoolap/stoolap/internal/sql/executor/dml.go:552.16,555.4 2 0
github.com/stoolap/stoolap/internal/sql/executor/dml.go:557.3,557.33 1 0
github.com/stoolap/stoolap/internal/sql/executor/dml.go:557.33,560.18 2 0
github.com/stoolap/stoolap/internal/sql/executor/dml.go:560.18,562.5 1 0
github.com/stoolap/stoolap/internal/sql/executor/dml.go:563.4,563.25 1 0
github.com/stoolap/stoolap/internal/sql/executor/dml.go:567.3,567.44 1 0
github.com/stoolap/stoolap/internal/sql/executor/dml.go:567.44,570.4 1 0
github.com/stoolap/stoolap/internal/sql/executor/dml.go:573.3,576.22 2 0
github.com/stoolap/stoolap/internal/sql/executor/dml.go:576.22,578.61 1 0
github.com/stoolap/stoolap/internal/sql/executor/dml.go:578.61,580.5 1 0
github.com/stoolap/stoolap/internal/sql/executor/dml.go:584.3,584.39 1 0
github.com/stoolap/stoolap/internal/sql/executor/dml.go:584.39,587.15 2 0
github.com/stoolap/stoolap/internal/sql/executor/dml.go:587.15,590.16 2 0
github.com/stoolap/stoolap/internal/sql/executor/dml.go:590.16,592.6 1 0
github.com/stoolap/stoolap/internal/sql/executor/dml.go:595.4,596.72 2 0
github.com/stoolap/stoolap/internal/sql/executor/dml.go:600.3,601.17 2 0
github.com/stoolap/stoolap/internal/sql/executor/dml.go:601.17,603.24 1 0
github.com/stoolap/stoolap/internal/sql/executor/dml.go:603.24,607.61 3 0
github.com/stoolap/stoolap/internal/sql/executor/dml.go:607.61,612.32 2 0
github.com/stoolap/stoolap/internal/sql/executor/dml.go:612.32,614.42 1 0
github.com/stoolap/stoolap/internal/sql/executor/dml.go:614.42,615.26 1 0
github.com/stoolap/stoolap/internal/sql/executor/dml.go:615.26,618.14 3 0
github.com/stoolap/stoolap/internal/sql/executor/dml.go:624.6,624.57 1 0
github.com/stoolap/stoolap/internal/sql/executor/dml.go:624.57,627.7 2 0
github.com/stoolap/stoolap/internal/sql/executor/dml.go:630.6,630.27 1 0
github.com/stoolap/stoolap/internal/sql/executor/dml.go:630.27,633.33 2 0
github.com/stoolap/stoolap/internal/sql/executor/dml.go:633.33,635.8 1 0
github.com/stoolap/stoolap/internal/sql/executor/dml.go:638.7,639.25 2 0
github.com/stoolap/stoolap/internal/sql/executor/dml.go:639.25,643.26 2 0
github.com/stoolap/stoolap/internal/sql/executor/dml.go:643.26,645.67 1 0
github.com/stoolap/stoolap/internal/sql/executor/dml.go:645.67,652.45 4 0
github.com/stoolap/stoolap/internal/sql/executor/dml.go:652.45,653.30 1 0
github.com/stoolap/stoolap/internal/sql/executor/dml.go:653.30,656.12 1 0
github.com/stoolap/stoolap/internal/sql/executor/dml.go:660.10,660.58 1 0
github.com/stoolap/stoolap/internal/sql/executor/dml.go:660.58,666.46 4 0
github.com/stoolap/stoolap/internal/sql/executor/dml.go:666.46,667.35 1 0
github.com/stoolap/stoolap/internal/sql/executor/dml.go:667.35,669.18 2 0
github.com/stoolap/stoolap/internal/sql/executor/dml.go:673.11,673.29 1 0
github.com/stoolap/stoolap/internal/sql/executor/dml.go:673.29,676.26 2 0
github.com/stoolap/stoolap/internal/sql/executor/dml.go:676.26,678.21 1 0
github.com/stoolap/stoolap/internal/sql/executor/dml.go:682.12,683.79 2 0
github.com/stoolap/stoolap/internal/sql/executor/dml.go:687.10,687.30 1 0
github.com/stoolap/stoolap/internal/sql/executor/dml.go:691.9,692.29 2 0
github.com/stoolap/stoolap/internal/sql/executor/dml.go:692.29,695.18 2 0
github.com/stoolap/stoolap/internal/sql/executor/dml.go:702.6,702.57 1 0
github.com/stoolap/stoolap/internal/sql/executor/dml.go:706.4,706.55 1 0
github.com/stoolap/stoolap/internal/sql/executor/dml.go:710.3,710.22 1 0
github.com/stoolap/stoolap/internal/sql/executor/dml.go:714.2,715.26 2 0
github.com/stoolap/stoolap/internal/sql/executor/dml.go:715.26,716.51 1 0
github.com/stoolap/stoolap/internal/sql/executor/dml.go:716.51,718.4 1 0
github.com/stoolap/stoolap/internal/sql/executor/dml.go:721.2,721.64 1 0
github.com/stoolap/stoolap/internal/sql/executor/dml.go:725.135,730.27 2 0
github.com/stoolap/stoolap/internal/sql/executor/dml.go:730.27,732.3 1 0
github.com/stoolap/stoolap/internal/sql/executor/dml.go:732.8,734.3 1 0
github.com/stoolap/stoolap/internal/sql/executor/dml.go:737.2,738.16 2 0
github.com/stoolap/stoolap/internal/sql/executor/dml.go:738.16,740.3 1 0
github.com/stoolap/stoolap/internal/sql/executor/dml.go:741.2,741.13 1 0
github.com/stoolap/stoolap/internal/sql/executor/dml.go:741.13,743.3 1 0
github.com/stoolap/stoolap/internal/sql/executor/dml.go:746.2,747.16 2 0
github.com/stoolap/stoolap/internal/sql/executor/dml.go:747.16,749.3 1 0
github.com/stoolap/stoolap/internal/sql/executor/dml.go:752.2,753.16 2 0
github.com/stoolap/stoolap/internal/sql/executor/dml.go:753.16,755.3 1 0
github.com/stoolap/stoolap/internal/sql/executor/dml.go:758.2,763.37 2 0
github.com/stoolap/stoolap/internal/sql/executor/dml.go:763.37,779.3 2 0
github.com/stoolap/stoolap/internal/sql/executor/dml.go:782.2,783.50 2 0
github.com/stoolap/stoolap/internal/sql/executor/dml.go:783.50,785.3 1 0
github.com/stoolap/stoolap/internal/sql/executor/dml.go:788.2,788.54 1 0
github.com/stoolap/stoolap/internal/sql/executor/dml.go:788.54,795.38 4 0
github.com/stoolap/stoolap/internal/sql/executor/dml.go:795.38,796.51 1 0
github.com/stoolap/stoolap/internal/sql/executor/dml.go:796.51,798.5 1 0
github.com/stoolap/stoolap/internal/sql/executor/dml.go:802.3,802.43 1 0
github.com/stoolap/stoolap/internal/sql/executor/dml.go:802.43,805.15 2 0
github.com/stoolap/stoolap/internal/sql/executor/dml.go:805.15,808.16 2 0
github.com/stoolap/stoolap/internal/sql/executor/dml.go:808.16,809.14 1 0
github.com/stoolap/stoolap/internal/sql/executor/dml.go:813.4,818.18 4 0
github.com/stoolap/stoolap/internal/sql/executor/dml.go:818.18,819.13 1 0
github.com/stoolap/stoolap/internal/sql/executor/dml.go:823.4,823.69 1 0
github.com/stoolap/stoolap/internal/sql/executor/dml.go:826.3,826.26 1 0
github.com/stoolap/stoolap/internal/sql/executor/dml.go:830.2,831.23 2 0
github.com/stoolap/stoolap/internal/sql/executor/dml.go:831.23,834.24 2 0
github.com/stoolap/stoolap/internal/sql/executor/dml.go:834.24,836.4 1 0
github.com/stoolap/stoolap/internal/sql/executor/dml.go:837.3,837.38 1 0
github.com/stoolap/stoolap/internal/sql/executor/dml.go:838.8,841.3 1 0
github.com/stoolap/stoolap/internal/sql/executor/dml.go:847.2,848.16 2 0
github.com/stoolap/stoolap/internal/sql/executor/dml.go:848.16,850.3 1 0
github.com/stoolap/stoolap/internal/sql/executor/dml.go:851.2,851.26 1 0
github.com/stoolap/stoolap/internal/sql/executor/dml.go:855.135,860.27 2 0
github.com/stoolap/stoolap/internal/sql/executor/dml.go:860.27,862.3 1 0
github.com/stoolap/stoolap/internal/sql/executor/dml.go:862.8,864.3 1 0
github.com/stoolap/stoolap/internal/sql/executor/dml.go:867.2,868.16 2 0
github.com/stoolap/stoolap/internal/sql/executor/dml.go:868.16,870.3 1 0
github.com/stoolap/stoolap/internal/sql/executor/dml.go:871.2,871.13 1 0
github.com/stoolap/stoolap/internal/sql/executor/dml.go:871.13,873.3 1 0
github.com/stoolap/stoolap/internal/sql/executor/dml.go:876.2,877.16 2 0
github.com/stoolap/stoolap/internal/sql/executor/dml.go:877.16,879.3 1 0
github.com/stoolap/stoolap/internal/sql/executor/dml.go:882.2,883.16 2 0
github.com/stoolap/stoolap/internal/sql/executor/dml.go:883.16,885.3 1 0
github.com/stoolap/stoolap/internal/sql/executor/dml.go:888.2,889.23 2 0
github.com/stoolap/stoolap/internal/sql/executor/dml.go:889.23,892.24 2 0
github.com/stoolap/stoolap/internal/sql/executor/dml.go:892.24,894.4 1 0
github.com/stoolap/stoolap/internal/sql/executor/dml.go:895.3,895.38 1 0
github.com/stoolap/stoolap/internal/sql/executor/dml.go:896.8,899.3 1 0
github.com/stoolap/stoolap/internal/sql/executor/dml.go:903.2,904.16 2 0
github.com/stoolap/stoolap/internal/sql/executor/dml.go:904.16,906.3 1 0
github.com/stoolap/stoolap/internal/sql/executor/dml.go:908.2,908.32 1 0
github.com/stoolap/stoolap/internal/sql/executor/dml.go:912.128,913.17 1 0
github.com/stoolap/stoolap/internal/sql/executor/dml.go:913.17,915.3 1 0
github.com/stoolap/stoolap/internal/sql/executor/dml.go:918.2,918.91 1 0
github.com/stoolap/stoolap/internal/sql/executor/dml.go:918.91,923.23 2 0
github.com/stoolap/stoolap/internal/sql/executor/dml.go:923.23,925.4 1 0
github.com/stoolap/stoolap/internal/sql/executor/dml.go:926.3,926.13 1 0
github.com/stoolap/stoolap/internal/sql/executor/dml.go:930.2,930.58 1 0
github.com/stoolap/stoolap/internal/sql/executor/dml.go:930.58,932.67 1 0
github.com/stoolap/stoolap/internal/sql/executor/dml.go:932.67,934.59 1 0
github.com/stoolap/stoolap/internal/sql/executor/dml.go:934.59,940.47 3 0
github.com/stoolap/stoolap/internal/sql/executor/dml.go:941.27,942.34 1 0
github.com/stoolap/stoolap/internal/sql/executor/dml.go:943.36,944.32 1 0
github.com/stoolap/stoolap/internal/sql/executor/dml.go:945.38,946.31 1 0
github.com/stoolap/stoolap/internal/sql/executor/dml.go:947.28,948.34 1 0
github.com/stoolap/stoolap/internal/sql/executor/dml.go:949.22,950.36 1 0
github.com/stoolap/stoolap/internal/sql/executor/dml.go:951.17,952.31 1 0
github.com/stoolap/stoolap/internal/sql/executor/dml.go:953.13,954.16 1 0
github.com/stoolap/stoolap/internal/sql/executor/dml.go:958.5,962.36 3 0
github.com/stoolap/stoolap/internal/sql/executor/dml.go:962.36,964.6 1 0
github.com/stoolap/stoolap/internal/sql/executor/dml.go:964.11,967.6 1 0
github.com/stoolap/stoolap/internal/sql/executor/dml.go:970.5,971.32 2 0
github.com/stoolap/stoolap/internal/sql/executor/dml.go:972.14,973.27 1 0
github.com/stoolap/stoolap/internal/sql/executor/dml.go:974.15,975.28 1 0
github.com/stoolap/stoolap/internal/sql/executor/dml.go:976.14,977.27 1 0
github.com/stoolap/stoolap/internal/sql/executor/dml.go:978.15,979.28 1 0
github.com/stoolap/stoolap/internal/sql/executor/dml.go:980.14,981.27 1 0
github.com/stoolap/stoolap/internal/sql/executor/dml.go:982.21,983.27 1 0
github.com/stoolap/stoolap/internal/sql/executor/dml.go:984.13,985.16 1 0
github.com/stoolap/stoolap/internal/sql/executor/dml.go:989.5,994.24 2 0
github.com/stoolap/stoolap/internal/sql/executor/dml.go:997.3,997.72 1 0
github.com/stoolap/stoolap/internal/sql/executor/dml.go:997.72,1000.4 2 0
github.com/stoolap/stoolap/internal/sql/executor/dml.go:1000.9,1000.80 1 0
github.com/stoolap/stoolap/internal/sql/executor/dml.go:1000.80,1003.4 2 0
github.com/stoolap/stoolap/internal/sql/executor/dml.go:1003.9,1003.79 1 0
github.com/stoolap/stoolap/internal/sql/executor/dml.go:1003.79,1006.4 2 0
github.com/stoolap/stoolap/internal/sql/executor/dml.go:1006.9,1006.80 1 0
github.com/stoolap/stoolap/internal/sql/executor/dml.go:1006.80,1009.4 2 0
github.com/stoolap/stoolap/internal/sql/executor/dml.go:1009.9,1009.79 1 0
github.com/stoolap/stoolap/internal/sql/executor/dml.go:1009.79,1012.4 2 0
github.com/stoolap/stoolap/internal/sql/executor/dml.go:1012.9,1012.80 1 0
github.com/stoolap/stoolap/internal/sql/executor/dml.go:1012.80,1015.4 2 0
github.com/stoolap/stoolap/internal/sql/executor/dml.go:1015.9,1015.46 1 0
github.com/stoolap/stoolap/internal/sql/executor/dml.go:1015.46,1018.59 2 0
github.com/stoolap/stoolap/internal/sql/executor/dml.go:1018.59,1020.5 1 0
github.com/stoolap/stoolap/internal/sql/executor/dml.go:1020.10,1022.5 1 0
github.com/stoolap/stoolap/internal/sql/executor/dml.go:1025.4,1025.98 1 0
github.com/stoolap/stoolap/internal/sql/executor/dml.go:1025.98,1030.64 3 0
github.com/stoolap/stoolap/internal/sql/executor/dml.go:1030.64,1039.6 2 0
github.com/stoolap/stoolap/internal/sql/executor/dml.go:1043.4,1043.14 1 0
github.com/stoolap/stoolap/internal/sql/executor/dml.go:1044.9,1044.42 1 0
github.com/stoolap/stoolap/internal/sql/executor/dml.go:1044.42,1046.34 1 0
github.com/stoolap/stoolap/internal/sql/executor/dml.go:1046.34,1048.61 2 0
github.com/stoolap/stoolap/internal/sql/executor/dml.go:1048.61,1051.6 1 0
github.com/stoolap/stoolap/internal/sql/executor/dml.go:1055.4,1059.43 3 0
github.com/stoolap/stoolap/internal/sql/executor/dml.go:1059.43,1063.5 1 0
github.com/stoolap/stoolap/internal/sql/executor/dml.go:1064.9,1064.41 1 0
github.com/stoolap/stoolap/internal/sql/executor/dml.go:1064.41,1066.46 1 0
github.com/stoolap/stoolap/internal/sql/executor/dml.go:1066.46,1068.35 2 0
github.com/stoolap/stoolap/internal/sql/executor/dml.go:1068.35,1071.6 1 0
github.com/stoolap/stoolap/internal/sql/executor/dml.go:1075.4,1079.43 3 0
github.com/stoolap/stoolap/internal/sql/executor/dml.go:1079.43,1083.5 1 0
github.com/stoolap/stoolap/internal/sql/executor/dml.go:1088.2,1088.61 1 0
github.com/stoolap/stoolap/internal/sql/executor/dml.go:1088.61,1091.59 2 0
github.com/stoolap/stoolap/internal/sql/executor/dml.go:1091.59,1093.4 1 0
github.com/stoolap/stoolap/internal/sql/executor/dml.go:1093.9,1095.4 1 0
github.com/stoolap/stoolap/internal/sql/executor/dml.go:1098.3,1101.45 3 0
github.com/stoolap/stoolap/internal/sql/executor/dml.go:1101.45,1111.4 2 0
github.com/stoolap/stoolap/internal/sql/executor/dml.go:1113.3,1113.13 1 0
github.com/stoolap/stoolap/internal/sql/executor/dml.go:1117.2,1117.55 1 0
github.com/stoolap/stoolap/internal/sql/executor/dml.go:1117.55,1119.58 1 0
github.com/stoolap/stoolap/internal/sql/executor/dml.go:1119.58,1122.46 2 0
github.com/stoolap/stoolap/internal/sql/executor/dml.go:1123.26,1124.33 1 0
github.com/stoolap/stoolap/internal/sql/executor/dml.go:1125.35,1126.31 1 0
github.com/stoolap/stoolap/internal/sql/executor/dml.go:1127.37,1128.30 1 0
github.com/stoolap/stoolap/internal/sql/executor/dml.go:1129.27,1130.33 1 0
github.com/stoolap/stoolap/internal/sql/executor/dml.go:1131.21,1132.35 1 0
github.com/stoolap/stoolap/internal/sql/executor/dml.go:1133.16,1134.30 1 0
github.com/stoolap/stoolap/internal/sql/executor/dml.go:1135.12,1137.15 1 0
github.com/stoolap/stoolap/internal/sql/executor/dml.go:1141.4,1141.64 1 0
github.com/stoolap/stoolap/internal/sql/executor/dml.go:1146.2,1146.53 1 0
github.com/stoolap/stoolap/internal/sql/executor/dml.go:1146.53,1147.59 1 0
github.com/stoolap/stoolap/internal/sql/executor/dml.go:1147.59,1148.58 1 0
github.com/stoolap/stoolap/internal/sql/executor/dml.go:1148.58,1149.55 1 0
github.com/stoolap/stoolap/internal/sql/executor/dml.go:1149.55,1150.32 1 0
github.com/stoolap/stoolap/internal/sql/executor/dml.go:1150.32,1153.7 1 0
github.com/stoolap/stoolap/internal/sql/executor/dml.go:1153.12,1156.7 1 0
github.com/stoolap/stoolap/internal/sql/executor/dml.go:1163.2,1163.51 1 0
github.com/stoolap/stoolap/internal/sql/executor/dml.go:1163.51,1166.54 2 0
github.com/stoolap/stoolap/internal/sql/executor/dml.go:1166.54,1168.4 1 0
github.com/stoolap/stoolap/internal/sql/executor/dml.go:1168.9,1171.4 1 0
github.com/stoolap/stoolap/internal/sql/executor/dml.go:1174.3,1174.64 1 0
github.com/stoolap/stoolap/internal/sql/executor/dml.go:1174.64,1177.43 2 0
github.com/stoolap/stoolap/internal/sql/executor/dml.go:1177.43,1178.26 1 0
github.com/stoolap/stoolap/internal/sql/executor/dml.go:1179.32,1180.38 1 0
github.com/stoolap/stoolap/internal/sql/executor/dml.go:1181.33,1182.38 1 0
github.com/stoolap/stoolap/internal/sql/executor/dml.go:1183.31,1184.38 1 0
github.com/stoolap/stoolap/internal/sql/executor/dml.go:1185.33,1186.38 1 0
github.com/stoolap/stoolap/internal/sql/executor/dml.go:1187.28,1189.55 1 0
github.com/stoolap/stoolap/internal/sql/executor/dml.go:1189.55,1192.7 2 0
github.com/stoolap/stoolap/internal/sql/executor/dml.go:1193.30,1194.34 1 0
github.com/stoolap/stoolap/internal/sql/executor/dml.go:1199.4,1203.5 1 0
github.com/stoolap/stoolap/internal/sql/executor/dml.go:1207.2,1207.12 1 0
github.com/stoolap/stoolap/internal/sql/executor/dml.go:1211.81,1215.63 2 0
github.com/stoolap/stoolap/internal/sql/executor/dml.go:1215.63,1217.3 1 0
github.com/stoolap/stoolap/internal/sql/executor/dml.go:1220.2,1220.66 1 0
github.com/stoolap/stoolap/internal/sql/executor/dml.go:1220.66,1222.3 1 0
github.com/stoolap/stoolap/internal/sql/executor/dml.go:1224.2,1224.14 1 0
github.com/stoolap/stoolap/internal/sql/executor/dml.go:1229.56,1231.28 1 0
github.com/stoolap/stoolap/internal/sql/executor/dml.go:1231.28,1233.3 1 0
github.com/stoolap/stoolap/internal/sql/executor/dml.go:1236.2,1239.25 3 0
github.com/stoolap/stoolap/internal/sql/executor/dml.go:1239.25,1241.3 1 0
github.com/stoolap/stoolap/internal/sql/executor/dml.go:1244.2,1244.113 1 0
github.com/stoolap/stoolap/internal/sql/executor/dml.go:1244.113,1246.3 1 0
github.com/stoolap/stoolap/internal/sql/executor/dml.go:1249.2,1252.60 2 0
github.com/stoolap/stoolap/internal/sql/executor/dml.go:1252.60,1254.3 1 0
github.com/stoolap/stoolap/internal/sql/executor/dml.go:1257.2,1267.71 7 0
github.com/stoolap/stoolap/internal/sql/executor/dml.go:1271.61,1273.51 1 0
github.com/stoolap/stoolap/internal/sql/executor/dml.go:1273.51,1275.3 1 0
github.com/stoolap/stoolap/internal/sql/executor/dml.go:1278.2,1278.52 1 0
github.com/stoolap/stoolap/internal/sql/executor/dml.go:1278.52,1280.3 1 0
github.com/stoolap/stoolap/internal/sql/executor/dml.go:1282.2,1282.11 1 0
github.com/stoolap/stoolap/internal/sql/executor/dml.go:1287.78,1303.33 8 0
github.com/stoolap/stoolap/internal/sql/executor/dml.go:1303.33,1305.38 1 0
github.com/stoolap/stoolap/internal/sql/executor/dml.go:1305.38,1307.4 1 0
github.com/stoolap/stoolap/internal/sql/executor/dml.go:1307.9,1309.4 1 0
github.com/stoolap/stoolap/internal/sql/executor/dml.go:1311.3,1311.39 1 0
github.com/stoolap/stoolap/internal/sql/executor/dml.go:1311.39,1313.4 1 0
github.com/stoolap/stoolap/internal/sql/executor/dml.go:1313.9,1315.4 1 0
github.com/stoolap/stoolap/internal/sql/executor/dml.go:1317.3,1318.31 2 0
github.com/stoolap/stoolap/internal/sql/executor/dml.go:1319.8,1321.39 1 0
github.com/stoolap/stoolap/internal/sql/executor/dml.go:1321.39,1323.4 1 0
github.com/stoolap/stoolap/internal/sql/executor/dml.go:1323.9,1325.4 1 0
github.com/stoolap/stoolap/internal/sql/executor/dml.go:1327.3,1327.38 1 0
github.com/stoolap/stoolap/internal/sql/executor/dml.go:1327.38,1329.4 1 0
github.com/stoolap/stoolap/internal/sql/executor/dml.go:1329.9,1331.4 1 0
github.com/stoolap/stoolap/internal/sql/executor/dml.go:1333.3,1334.30 2 0
github.com/stoolap/stoolap/internal/sql/executor/dml.go:1337.2,1337.8 1 0
github.com/stoolap/stoolap/internal/sql/executor/dml.go:1341.63,1344.2 2 0
github.com/stoolap/stoolap/internal/sql/executor/dml.go:1347.45,1348.21 1 0
github.com/stoolap/stoolap/internal/sql/executor/dml.go:1349.118,1350.14 1 0
github.com/stoolap/stoolap/internal/sql/executor/dml.go:1351.10,1352.15 1 0
github.com/stoolap/stoolap/internal/sql/executor/dml.go:1357.84,1358.27 1 0
github.com/stoolap/stoolap/internal/sql/executor/dml.go:1358.27,1360.3 1 0
github.com/stoolap/stoolap/internal/sql/executor/dml.go:1363.2,1366.84 3 0
github.com/stoolap/stoolap/internal/sql/executor/dml.go:1366.84,1368.3 1 0
github.com/stoolap/stoolap/internal/sql/executor/dml.go:1371.2,1374.60 3 0
github.com/stoolap/stoolap/internal/sql/executor/dml.go:1374.60,1376.3 1 0
github.com/stoolap/stoolap/internal/sql/executor/dml.go:1379.2,1386.59 5 0
github.com/stoolap/stoolap/internal/sql/executor/dml.go:1391.95,1392.27 1 0
github.com/stoolap/stoolap/internal/sql/executor/dml.go:1392.27,1394.3 1 0
github.com/stoolap/stoolap/internal/sql/executor/dml.go:1397.2,1398.42 2 0
github.com/stoolap/stoolap/internal/sql/executor/dml.go:1398.42,1400.3 1 0
github.com/stoolap/stoolap/internal/sql/executor/dml.go:1402.2,1403.19 2 0
github.com/stoolap/stoolap/internal/sql/executor/dml.go:1403.19,1405.3 1 0
github.com/stoolap/stoolap/internal/sql/executor/dml.go:1408.2,1411.44 3 0
github.com/stoolap/stoolap/internal/sql/executor/dml.go:1411.44,1413.3 1 0
github.com/stoolap/stoolap/internal/sql/executor/dml.go:1415.2,1421.68 4 0
github.com/stoolap/stoolap/internal/sql/executor/dml.go:1425.101,1427.94 1 0
github.com/stoolap/stoolap/internal/sql/executor/dml.go:1427.94,1429.3 1 0
github.com/stoolap/stoolap/internal/sql/executor/dml.go:1432.2,1432.96 1 0
github.com/stoolap/stoolap/internal/sql/executor/dml.go:1432.96,1436.3 1 0
github.com/stoolap/stoolap/internal/sql/executor/dml.go:1439.2,1439.16 1 0
github.com/stoolap/stoolap/internal/sql/executor/dml.go:1443.62,1444.50 1 0
github.com/stoolap/stoolap/internal/sql/executor/dml.go:1444.50,1445.38 1 0
github.com/stoolap/stoolap/internal/sql/executor/dml.go:1445.38,1447.4 1 0
github.com/stoolap/stoolap/internal/sql/executor/dml.go:1449.2,1449.12 1 0
github.com/stoolap/stoolap/internal/sql/executor/dml.go:1454.79,1455.26 1 0
github.com/stoolap/stoolap/internal/sql/executor/dml.go:1456.30,1457.17 1 0
github.com/stoolap/stoolap/internal/sql/executor/dml.go:1458.28,1459.17 1 0
github.com/stoolap/stoolap/internal/sql/executor/dml.go:1460.29,1461.17 1 0
github.com/stoolap/stoolap/internal/sql/executor/dml.go:1462.30,1463.17 1 0
github.com/stoolap/stoolap/internal/sql/executor/dml.go:1464.25,1467.16 2 0
github.com/stoolap/stoolap/internal/sql/executor/dml.go:1467.16,1471.4 2 0
github.com/stoolap/stoolap/internal/sql/executor/dml.go:1472.3,1472.13 1 0
github.com/stoolap/stoolap/internal/sql/executor/dml.go:1473.10,1474.13 1 0
github.com/stoolap/stoolap/internal/sql/executor/evaluator.go:50.87,52.55 2 0
github.com/stoolap/stoolap/internal/sql/executor/evaluator.go:52.55,54.3 1 0
github.com/stoolap/stoolap/internal/sql/executor/evaluator.go:56.2,63.3 1 0
github.com/stoolap/stoolap/internal/sql/executor/evaluator.go:67.76,70.2 2 0
github.com/stoolap/stoolap/internal/sql/executor/evaluator.go:74.90,78.41 2 0
github.com/stoolap/stoolap/internal/sql/executor/evaluator.go:78.41,79.39 1 0
github.com/stoolap/stoolap/internal/sql/executor/evaluator.go:79.39,82.4 1 0
github.com/stoolap/stoolap/internal/sql/executor/evaluator.go:85.2,86.10 2 0
github.com/stoolap/stoolap/internal/sql/executor/evaluator.go:90.77,93.2 2 0
github.com/stoolap/stoolap/internal/sql/executor/evaluator.go:96.76,99.2 2 0
github.com/stoolap/stoolap/internal/sql/executor/evaluator.go:102.83,103.17 1 0
github.com/stoolap/stoolap/internal/sql/executor/evaluator.go:103.17,105.3 1 0
github.com/stoolap/stoolap/internal/sql/executor/evaluator.go:107.2,107.29 1 0
github.com/stoolap/stoolap/internal/sql/executor/evaluator.go:108.30,109.56 1 0
github.com/stoolap/stoolap/internal/sql/executor/evaluator.go:111.28,112.54 1 0
github.com/stoolap/stoolap/internal/sql/executor/evaluator.go:114.29,116.24 1 0
github.com/stoolap/stoolap/internal/sql/executor/evaluator.go:117.36,120.18 2 0
github.com/stoolap/stoolap/internal/sql/executor/evaluator.go:120.18,122.5 1 0
github.com/stoolap/stoolap/internal/sql/executor/evaluator.go:123.4,123.58 1 0
github.com/stoolap/stoolap/internal/sql/executor/evaluator.go:124.15,126.54 1 0
github.com/stoolap/stoolap/internal/sql/executor/evaluator.go:127.11,128.56 1 0
github.com/stoolap/stoolap/internal/sql/executor/evaluator.go:131.30,132.50 1 0
github.com/stoolap/stoolap/internal/sql/executor/evaluator.go:134.27,135.40 1 0
github.com/stoolap/stoolap/internal/sql/executor/evaluator.go:137.31,140.20 2 0
github.com/stoolap/stoolap/internal/sql/executor/evaluator.go:141.17,142.34 1 0
github.com/stoolap/stoolap/internal/sql/executor/evaluator.go:143.17,144.39 1 0
github.com/stoolap/stoolap/internal/sql/executor/evaluator.go:145.15,146.41 1 0
github.com/stoolap/stoolap/internal/sql/executor/evaluator.go:147.14,148.42 1 0
github.com/stoolap/stoolap/internal/sql/executor/evaluator.go:149.15,150.46 1 0
github.com/stoolap/stoolap/internal/sql/executor/evaluator.go:151.16,153.47 1 0
github.com/stoolap/stoolap/internal/sql/executor/evaluator.go:154.15,156.48 1 0
github.com/stoolap/stoolap/internal/sql/executor/evaluator.go:157.11,158.92 1 0
github.com/stoolap/stoolap/internal/sql/executor/evaluator.go:161.3,161.54 1 0
github.com/stoolap/stoolap/internal/sql/executor/evaluator.go:163.30,167.17 3 0
github.com/stoolap/stoolap/internal/sql/executor/evaluator.go:167.17,169.4 1 0
github.com/stoolap/stoolap/internal/sql/executor/evaluator.go:172.3,172.25 1 0
github.com/stoolap/stoolap/internal/sql/executor/evaluator.go:172.25,173.42 1 0
github.com/stoolap/stoolap/internal/sql/executor/evaluator.go:174.26,175.42 1 0
github.com/stoolap/stoolap/internal/sql/executor/evaluator.go:176.35,177.40 1 0
github.com/stoolap/stoolap/internal/sql/executor/evaluator.go:178.37,179.41 1 0
github.com/stoolap/stoolap/internal/sql/executor/evaluator.go:180.27,181.42 1 0
github.com/stoolap/stoolap/internal/sql/executor/evaluator.go:182.37,183.44 1 0
github.com/stoolap/stoolap/internal/sql/executor/evaluator.go:184.16,185.39 1 0
github.com/stoolap/stoolap/internal/sql/executor/evaluator.go:186.12,187.42 1 0
github.com/stoolap/stoolap/internal/sql/executor/evaluator.go:192.3,192.41 1 0
github.com/stoolap/stoolap/internal/sql/executor/evaluator.go:193.25,195.43 1 0
github.com/stoolap/stoolap/internal/sql/executor/evaluator.go:195.43,198.5 1 0
github.com/stoolap/stoolap/internal/sql/executor/evaluator.go:198.10,198.48 1 0
github.com/stoolap/stoolap/internal/sql/executor/evaluator.go:198.48,200.43 1 0
[...]
github.com/stoolap/stoolap/internal/storage/mvcc/wal_manager.go:590.16,592.3 1 0
github.com/stoolap/stoolap/internal/storage/mvcc/wal_manager.go:594.2,594.12 1 0
github.com/stoolap/stoolap/internal/storage/mvcc/wal_manager.go:598.67,600.24 1 0
github.com/stoolap/stoolap/internal/storage/mvcc/wal_manager.go:600.24,602.3 1 0
github.com/stoolap/stoolap/internal/storage/mvcc/wal_manager.go:605.2,609.36 3 0
github.com/stoolap/stoolap/internal/storage/mvcc/wal_manager.go:613.73,615.24 1 0
github.com/stoolap/stoolap/internal/storage/mvcc/wal_manager.go:615.24,617.3 1 0
github.com/stoolap/stoolap/internal/storage/mvcc/wal_manager.go:620.2,620.23 1 0
github.com/stoolap/stoolap/internal/storage/mvcc/wal_manager.go:620.23,622.3 1 0
github.com/stoolap/stoolap/internal/storage/mvcc/wal_manager.go:625.2,630.48 4 0
github.com/stoolap/stoolap/internal/storage/mvcc/wal_manager.go:630.48,632.3 1 0
github.com/stoolap/stoolap/internal/storage/mvcc/wal_manager.go:635.2,635.99 1 0
github.com/stoolap/stoolap/internal/storage/mvcc/wal_manager.go:635.99,637.3 1 0
github.com/stoolap/stoolap/internal/storage/mvcc/wal_manager.go:640.2,640.38 1 0
github.com/stoolap/stoolap/internal/storage/mvcc/wal_manager.go:640.38,642.26 1 0
github.com/stoolap/stoolap/internal/storage/mvcc/wal_manager.go:642.26,644.4 1 0
github.com/stoolap/stoolap/internal/storage/mvcc/wal_manager.go:647.3,652.38 4 0
github.com/stoolap/stoolap/internal/storage/mvcc/wal_manager.go:652.38,655.4 1 0
github.com/stoolap/stoolap/internal/storage/mvcc/wal_manager.go:657.3,671.31 3 0
github.com/stoolap/stoolap/internal/storage/mvcc/wal_manager.go:671.31,676.27 2 0
github.com/stoolap/stoolap/internal/storage/mvcc/wal_manager.go:676.27,679.19 2 0
github.com/stoolap/stoolap/internal/storage/mvcc/wal_manager.go:679.19,681.6 1 0
github.com/stoolap/stoolap/internal/storage/mvcc/wal_manager.go:684.5,687.39 2 0
github.com/stoolap/stoolap/internal/storage/mvcc/wal_manager.go:687.39,694.41 4 0
github.com/stoolap/stoolap/internal/storage/mvcc/wal_manager.go:694.41,696.7 1 0
github.com/stoolap/stoolap/internal/storage/mvcc/wal_manager.go:698.6,698.20 1 0
github.com/stoolap/stoolap/internal/storage/mvcc/wal_manager.go:698.20,700.7 1 0
github.com/stoolap/stoolap/internal/storage/mvcc/wal_manager.go:705.3,705.24 1 0
github.com/stoolap/stoolap/internal/storage/mvcc/wal_manager.go:709.2,709.52 1 0
github.com/stoolap/stoolap/internal/storage/mvcc/wal_manager.go:709.52,711.3 1 0
github.com/stoolap/stoolap/internal/storage/mvcc/wal_manager.go:714.2,714.36 1 0
github.com/stoolap/stoolap/internal/storage/mvcc/wal_manager.go:714.36,721.38 4 0
github.com/stoolap/stoolap/internal/storage/mvcc/wal_manager.go:721.38,723.4 1 0
github.com/stoolap/stoolap/internal/storage/mvcc/wal_manager.go:725.3,725.17 1 0
github.com/stoolap/stoolap/internal/storage/mvcc/wal_manager.go:725.17,727.4 1 0
github.com/stoolap/stoolap/internal/storage/mvcc/wal_manager.go:730.2,730.23 1 0
github.com/stoolap/stoolap/internal/storage/mvcc/wal_manager.go:734.70,740.48 3 0
github.com/stoolap/stoolap/internal/storage/mvcc/wal_manager.go:740.48,742.3 1 0
github.com/stoolap/stoolap/internal/storage/mvcc/wal_manager.go:745.2,747.20 3 0
github.com/stoolap/stoolap/internal/storage/mvcc/wal_manager.go:751.62,760.44 3 0
github.com/stoolap/stoolap/internal/storage/mvcc/wal_manager.go:760.44,762.3 1 0
github.com/stoolap/stoolap/internal/storage/mvcc/wal_manager.go:766.2,768.44 3 0
github.com/stoolap/stoolap/internal/storage/mvcc/wal_manager.go:768.44,770.3 1 0
github.com/stoolap/stoolap/internal/storage/mvcc/wal_manager.go:773.2,774.44 2 0
github.com/stoolap/stoolap/internal/storage/mvcc/wal_manager.go:774.44,776.3 1 0
github.com/stoolap/stoolap/internal/storage/mvcc/wal_manager.go:779.2,780.44 2 0
github.com/stoolap/stoolap/internal/storage/mvcc/wal_manager.go:780.44,782.3 1 0
github.com/stoolap/stoolap/internal/storage/mvcc/wal_manager.go:784.2,784.58 1 0
github.com/stoolap/stoolap/internal/storage/mvcc/wal_manager.go:784.58,786.3 1 0
github.com/stoolap/stoolap/internal/storage/mvcc/wal_manager.go:789.2,790.44 2 0
github.com/stoolap/stoolap/internal/storage/mvcc/wal_manager.go:790.44,792.3 1 0
github.com/stoolap/stoolap/internal/storage/mvcc/wal_manager.go:795.2,795.66 1 0
github.com/stoolap/stoolap/internal/storage/mvcc/wal_manager.go:795.66,797.3 1 0
github.com/stoolap/stoolap/internal/storage/mvcc/wal_manager.go:800.2,801.44 2 0
github.com/stoolap/stoolap/internal/storage/mvcc/wal_manager.go:801.44,803.3 1 0
github.com/stoolap/stoolap/internal/storage/mvcc/wal_manager.go:806.2,807.44 2 0
github.com/stoolap/stoolap/internal/storage/mvcc/wal_manager.go:807.44,809.3 1 0
github.com/stoolap/stoolap/internal/storage/mvcc/wal_manager.go:811.2,811.25 1 0
github.com/stoolap/stoolap/internal/storage/mvcc/wal_manager.go:811.25,812.48 1 0
github.com/stoolap/stoolap/internal/storage/mvcc/wal_manager.go:812.48,814.4 1 0
github.com/stoolap/stoolap/internal/storage/mvcc/wal_manager.go:817.2,817.12 1 0
github.com/stoolap/stoolap/internal/storage/mvcc/wal_manager.go:821.54,823.23 1 0
github.com/stoolap/stoolap/internal/storage/mvcc/wal_manager.go:823.23,825.3 1 0
github.com/stoolap/stoolap/internal/storage/mvcc/wal_manager.go:828.2,828.20 1 0
github.com/stoolap/stoolap/internal/storage/mvcc/wal_manager.go:828.20,830.3 1 0
github.com/stoolap/stoolap/internal/storage/mvcc/wal_manager.go:835.2,839.16 3 0
github.com/stoolap/stoolap/internal/storage/mvcc/wal_manager.go:839.16,841.3 1 0
github.com/stoolap/stoolap/internal/storage/mvcc/wal_manager.go:844.2,844.19 1 0
github.com/stoolap/stoolap/internal/storage/mvcc/wal_manager.go:844.19,846.3 1 0
github.com/stoolap/stoolap/internal/storage/mvcc/wal_manager.go:849.2,850.38 2 0
github.com/stoolap/stoolap/internal/storage/mvcc/wal_manager.go:850.38,852.3 1 0
github.com/stoolap/stoolap/internal/storage/mvcc/wal_manager.go:854.2,854.12 1 0
github.com/stoolap/stoolap/internal/storage/mvcc/wal_manager.go:858.93,861.16 2 0
github.com/stoolap/stoolap/internal/storage/mvcc/wal_manager.go:861.16,863.3 1 0
github.com/stoolap/stoolap/internal/storage/mvcc/wal_manager.go:866.2,873.54 4 0
github.com/stoolap/stoolap/internal/storage/mvcc/wal_manager.go:873.54,880.55 3 0
github.com/stoolap/stoolap/internal/storage/mvcc/wal_manager.go:880.55,882.4 1 0
github.com/stoolap/stoolap/internal/storage/mvcc/wal_manager.go:883.8,886.57 1 0
github.com/stoolap/stoolap/internal/storage/mvcc/wal_manager.go:886.57,887.37 1 0
github.com/stoolap/stoolap/internal/storage/mvcc/wal_manager.go:887.37,888.109 1 0
github.com/stoolap/stoolap/internal/storage/mvcc/wal_manager.go:888.109,890.6 1 0
github.com/stoolap/stoolap/internal/storage/mvcc/wal_manager.go:895.3,902.41 4 0
github.com/stoolap/stoolap/internal/storage/mvcc/wal_manager.go:902.41,903.30 1 0
github.com/stoolap/stoolap/internal/storage/mvcc/wal_manager.go:903.30,905.10 2 0
github.com/stoolap/stoolap/internal/storage/mvcc/wal_manager.go:910.3,910.24 1 0
github.com/stoolap/stoolap/internal/storage/mvcc/wal_manager.go:910.24,912.4 1 0
github.com/stoolap/stoolap/internal/storage/mvcc/wal_manager.go:916.2,916.32 1 0
github.com/stoolap/stoolap/internal/storage/mvcc/wal_manager.go:916.32,918.3 1 0
github.com/stoolap/stoolap/internal/storage/mvcc/wal_manager.go:921.2,923.43 2 0
github.com/stoolap/stoolap/internal/storage/mvcc/wal_manager.go:923.43,926.17 2 0
github.com/stoolap/stoolap/internal/storage/mvcc/wal_manager.go:926.17,928.12 1 0
github.com/stoolap/stoolap/internal/storage/mvcc/wal_manager.go:932.3,939.17 4 0
github.com/stoolap/stoolap/internal/storage/mvcc/wal_manager.go:939.17,943.4 3 0
github.com/stoolap/stoolap/internal/storage/mvcc/wal_manager.go:945.3,945.7 1 0
github.com/stoolap/stoolap/internal/storage/mvcc/wal_manager.go:945.7,948.18 2 0
github.com/stoolap/stoolap/internal/storage/mvcc/wal_manager.go:948.18,949.22 1 0
github.com/stoolap/stoolap/internal/storage/mvcc/wal_manager.go:949.22,950.11 1 0
github.com/stoolap/stoolap/internal/storage/mvcc/wal_manager.go:952.5,954.24 3 0
github.com/stoolap/stoolap/internal/storage/mvcc/wal_manager.go:956.4,956.14 1 0
github.com/stoolap/stoolap/internal/storage/mvcc/wal_manager.go:956.14,958.10 1 0
github.com/stoolap/stoolap/internal/storage/mvcc/wal_manager.go:962.4,966.21 3 0
github.com/stoolap/stoolap/internal/storage/mvcc/wal_manager.go:966.21,968.19 2 0
github.com/stoolap/stoolap/internal/storage/mvcc/wal_manager.go:968.19,972.6 3 0
github.com/stoolap/stoolap/internal/storage/mvcc/wal_manager.go:973.5,973.13 1 0
github.com/stoolap/stoolap/internal/storage/mvcc/wal_manager.go:978.4,982.18 3 0
github.com/stoolap/stoolap/internal/storage/mvcc/wal_manager.go:982.18,986.5 3 0
github.com/stoolap/stoolap/internal/storage/mvcc/wal_manager.go:987.4,987.24 1 0
github.com/stoolap/stoolap/internal/storage/mvcc/wal_manager.go:987.24,992.5 3 0
github.com/stoolap/stoolap/internal/storage/mvcc/wal_manager.go:995.4,996.18 2 0
github.com/stoolap/stoolap/internal/storage/mvcc/wal_manager.go:996.18,1000.5 3 0
github.com/stoolap/stoolap/internal/storage/mvcc/wal_manager.go:1003.4,1004.18 2 0
github.com/stoolap/stoolap/internal/storage/mvcc/wal_manager.go:1004.18,1008.5 3 0
github.com/stoolap/stoolap/internal/storage/mvcc/wal_manager.go:1011.4,1014.17 2 0
github.com/stoolap/stoolap/internal/storage/mvcc/wal_manager.go:1018.3,1019.33 2 0
github.com/stoolap/stoolap/internal/storage/mvcc/wal_manager.go:1023.2,1023.36 1 0
github.com/stoolap/stoolap/internal/storage/mvcc/wal_manager.go:1023.36,1025.3 1 0
github.com/stoolap/stoolap/internal/storage/mvcc/wal_manager.go:1027.2,1027.21 1 0
github.com/stoolap/stoolap/internal/storage/mvcc/wal_manager.go:1031.64,1035.21 3 0
github.com/stoolap/stoolap/internal/storage/mvcc/wal_manager.go:1036.16,1037.15 1 0
github.com/stoolap/stoolap/internal/storage/mvcc/wal_manager.go:1038.18,1040.17 1 0
github.com/stoolap/stoolap/internal/storage/mvcc/wal_manager.go:1041.82,1042.15 1 0
github.com/stoolap/stoolap/internal/storage/mvcc/wal_manager.go:1043.31,1048.37 1 0
github.com/stoolap/stoolap/internal/storage/mvcc/wal_manager.go:1048.37,1052.5 3 0
github.com/stoolap/stoolap/internal/storage/mvcc/wal_manager.go:1055.3,1055.15 1 0
github.com/stoolap/stoolap/internal/storage/mvcc/wal_manager.go:1056.16,1058.14 1 0
github.com/stoolap/stoolap/internal/storage/mvcc/wal_manager.go:1059.10,1060.15 1 0
github.com/stoolap/stoolap/internal/storage/mvcc/wal_manager.go:1065.83,1067.20 1 0
github.com/stoolap/stoolap/internal/storage/mvcc/wal_manager.go:1067.20,1069.3 1 0
github.com/stoolap/stoolap/internal/storage/mvcc/wal_manager.go:1071.2,1079.23 3 0
github.com/stoolap/stoolap/internal/storage/mvcc/wal_manager.go:1079.23,1081.3 1 0
github.com/stoolap/stoolap/internal/storage/mvcc/wal_manager.go:1082.2,1086.23 3 0
github.com/stoolap/stoolap/internal/storage/mvcc/wal_manager.go:1086.23,1088.3 1 0
github.com/stoolap/stoolap/internal/storage/mvcc/wal_manager.go:1089.2,1092.39 3 0
github.com/stoolap/stoolap/internal/storage/mvcc/wal_manager.go:1092.39,1094.3 1 0
github.com/stoolap/stoolap/internal/storage/mvcc/wal_manager.go:1095.2,1099.23 3 0
github.com/stoolap/stoolap/internal/storage/mvcc/wal_manager.go:1099.23,1101.3 1 0
github.com/stoolap/stoolap/internal/storage/mvcc/wal_manager.go:1102.2,1106.23 3 0
github.com/stoolap/stoolap/internal/storage/mvcc/wal_manager.go:1106.23,1108.3 1 0
github.com/stoolap/stoolap/internal/storage/mvcc/wal_manager.go:1109.2,1113.23 3 0
github.com/stoolap/stoolap/internal/storage/mvcc/wal_manager.go:1113.23,1115.3 1 0
github.com/stoolap/stoolap/internal/storage/mvcc/wal_manager.go:1116.2,1120.23 3 0
github.com/stoolap/stoolap/internal/storage/mvcc/wal_manager.go:1120.23,1122.3 1 0
github.com/stoolap/stoolap/internal/storage/mvcc/wal_manager.go:1123.2,1127.29 3 0
github.com/stoolap/stoolap/internal/storage/mvcc/wal_manager.go:1127.29,1129.3 1 0
github.com/stoolap/stoolap/internal/storage/mvcc/wal_manager.go:1131.2,1131.17 1 0
github.com/stoolap/stoolap/internal/storage/mvcc/wal_manager.go:1131.17,1132.35 1 0
github.com/stoolap/stoolap/internal/storage/mvcc/wal_manager.go:1132.35,1134.4 1 0
github.com/stoolap/stoolap/internal/storage/mvcc/wal_manager.go:1135.3,1136.47 2 0
github.com/stoolap/stoolap/internal/storage/mvcc/wal_manager.go:1137.8,1139.3 1 0
github.com/stoolap/stoolap/internal/storage/mvcc/wal_manager.go:1141.2,1141.19 1 0
github.com/stoolap/stoolap/internal/storage/mvcc/wal_manager.go:1145.76,1146.14 1 0
github.com/stoolap/stoolap/internal/storage/mvcc/wal_manager.go:1146.14,1148.3 1 0
github.com/stoolap/stoolap/internal/storage/mvcc/wal_manager.go:1148.8,1150.3 1 0
github.com/stoolap/stoolap/internal/storage/mvcc/wal_manager.go:1154.57,1158.63 3 0
github.com/stoolap/stoolap/internal/storage/mvcc/wal_manager.go:1158.63,1161.3 2 0
github.com/stoolap/stoolap/internal/storage/mvcc/wal_manager.go:1163.2,1163.15 1 0
github.com/stoolap/stoolap/internal/storage/mvcc/wal_manager.go:1167.81,1169.24 1 0
github.com/stoolap/stoolap/internal/storage/mvcc/wal_manager.go:1169.24,1171.3 1 0
github.com/stoolap/stoolap/internal/storage/mvcc/wal_manager.go:1174.2,1175.16 2 0
github.com/stoolap/stoolap/internal/storage/mvcc/wal_manager.go:1175.16,1178.3 2 0
github.com/stoolap/stoolap/internal/storage/mvcc/wal_manager.go:1180.2,1182.45 2 0
github.com/stoolap/stoolap/internal/storage/mvcc/wal_manager.go:1182.45,1185.3 2 0
github.com/stoolap/stoolap/internal/storage/mvcc/wal_manager.go:1188.2,1189.16 2 0
github.com/stoolap/stoolap/internal/storage/mvcc/wal_manager.go:1189.16,1193.3 3 0
github.com/stoolap/stoolap/internal/storage/mvcc/wal_manager.go:1196.2,1210.16 8 0
github.com/stoolap/stoolap/internal/storage/mvcc/wal_manager.go:1210.16,1213.3 2 0
github.com/stoolap/stoolap/internal/storage/mvcc/wal_manager.go:1217.132,1227.16 5 0
github.com/stoolap/stoolap/internal/storage/mvcc/wal_manager.go:1227.16,1229.3 1 0
github.com/stoolap/stoolap/internal/storage/mvcc/wal_manager.go:1230.2,1241.18 5 0
github.com/stoolap/stoolap/internal/storage/mvcc/wal_manager.go:1241.18,1243.3 1 0
github.com/stoolap/stoolap/internal/storage/mvcc/wal_manager.go:1243.8,1245.3 1 0
github.com/stoolap/stoolap/internal/storage/mvcc/wal_manager.go:1248.2,1260.43 5 0
github.com/stoolap/stoolap/internal/storage/mvcc/wal_manager.go:1260.43,1262.3 1 0
github.com/stoolap/stoolap/internal/storage/mvcc/wal_manager.go:1265.2,1266.16 2 0
github.com/stoolap/stoolap/internal/storage/mvcc/wal_manager.go:1266.16,1268.3 1 0
github.com/stoolap/stoolap/internal/storage/mvcc/wal_manager.go:1271.2,1271.28 1 0
github.com/stoolap/stoolap/internal/storage/mvcc/wal_manager.go:1276.57,1278.24 1 0
github.com/stoolap/stoolap/internal/storage/mvcc/wal_manager.go:1278.24,1280.3 1 0
github.com/stoolap/stoolap/internal/storage/mvcc/wal_manager.go:1282.2,1282.18 1 0
github.com/stoolap/stoolap/internal/storage/mvcc/wal_manager.go:1282.18,1284.3 1 0
github.com/stoolap/stoolap/internal/storage/mvcc/wal_manager.go:1287.2,1291.45 3 0
github.com/stoolap/stoolap/internal/storage/mvcc/wal_manager.go:1291.45,1293.3 1 0
github.com/stoolap/stoolap/internal/storage/mvcc/wal_manager.go:1296.2,1297.27 2 0
github.com/stoolap/stoolap/internal/storage/mvcc/wal_manager.go:1297.27,1298.93 1 0
github.com/stoolap/stoolap/internal/storage/mvcc/wal_manager.go:1298.93,1301.33 1 0
github.com/stoolap/stoolap/internal/storage/mvcc/wal_manager.go:1301.33,1303.5 1 0
github.com/stoolap/stoolap/internal/storage/mvcc/wal_manager.go:1308.2,1309.25 2 0
github.com/stoolap/stoolap/internal/storage/mvcc/wal_manager.go:1309.25,1311.57 1 0
github.com/stoolap/stoolap/internal/storage/mvcc/wal_manager.go:1311.57,1313.4 1 0
github.com/stoolap/stoolap/internal/storage/mvcc/wal_manager.go:1314.3,1314.23 1 0
github.com/stoolap/stoolap/internal/storage/mvcc/wal_manager.go:1318.2,1318.50 1 0
github.com/stoolap/stoolap/internal/storage/mvcc/wal_manager.go:1318.50,1320.3 1 0
github.com/stoolap/stoolap/internal/storage/mvcc/wal_manager.go:1323.2,1327.16 5 0
github.com/stoolap/stoolap/internal/storage/mvcc/wal_manager.go:1327.16,1329.3 1 0
github.com/stoolap/stoolap/internal/storage/mvcc/wal_manager.go:1332.2,1333.15 2 0
github.com/stoolap/stoolap/internal/storage/mvcc/wal_manager.go:1333.15,1334.22 1 0
github.com/stoolap/stoolap/internal/storage/mvcc/wal_manager.go:1334.22,1337.4 2 0
github.com/stoolap/stoolap/internal/storage/mvcc/wal_manager.go:1341.2,1342.16 2 0
github.com/stoolap/stoolap/internal/storage/mvcc/wal_manager.go:1342.16,1344.3 1 0
github.com/stoolap/stoolap/internal/storage/mvcc/wal_manager.go:1348.2,1353.6 5 0
github.com/stoolap/stoolap/internal/storage/mvcc/wal_manager.go:1353.6,1356.17 2 0
github.com/stoolap/stoolap/internal/storage/mvcc/wal_manager.go:1356.17,1357.21 1 0
github.com/stoolap/stoolap/internal/storage/mvcc/wal_manager.go:1357.21,1358.10 1 0
github.com/stoolap/stoolap/internal/storage/mvcc/wal_manager.go:1360.4,1360.58 1 0
github.com/stoolap/stoolap/internal/storage/mvcc/wal_manager.go:1362.3,1362.13 1 0
github.com/stoolap/stoolap/internal/storage/mvcc/wal_manager.go:1362.13,1364.9 1 0
github.com/stoolap/stoolap/internal/storage/mvcc/wal_manager.go:1368.3,1375.21 4 0
github.com/stoolap/stoolap/internal/storage/mvcc/wal_manager.go:1375.21,1378.18 2 0
github.com/stoolap/stoolap/internal/storage/mvcc/wal_manager.go:1378.18,1380.5 1 0
github.com/stoolap/stoolap/internal/storage/mvcc/wal_manager.go:1381.4,1381.34 1 0
github.com/stoolap/stoolap/internal/storage/mvcc/wal_manager.go:1382.9,1385.18 2 0
github.com/stoolap/stoolap/internal/storage/mvcc/wal_manager.go:1385.18,1387.5 1 0
github.com/stoolap/stoolap/internal/storage/mvcc/wal_manager.go:1390.4,1391.18 2 0
github.com/stoolap/stoolap/internal/storage/mvcc/wal_manager.go:1391.18,1393.5 1 0
github.com/stoolap/stoolap/internal/storage/mvcc/wal_manager.go:1395.4,1396.33 2 0
github.com/stoolap/stoolap/internal/storage/mvcc/wal_manager.go:1402.2,1402.24 1 0
github.com/stoolap/stoolap/internal/storage/mvcc/wal_manager.go:1402.24,1412.63 4 0
github.com/stoolap/stoolap/internal/storage/mvcc/wal_manager.go:1412.63,1414.4 1 0
github.com/stoolap/stoolap/internal/storage/mvcc/wal_manager.go:1416.3,1416.66 1 0
github.com/stoolap/stoolap/internal/storage/mvcc/wal_manager.go:1416.66,1418.4 1 0
github.com/stoolap/stoolap/internal/storage/mvcc/wal_manager.go:1422.2,1422.51 1 0
github.com/stoolap/stoolap/internal/storage/mvcc/wal_manager.go:1422.51,1424.3 1 0
github.com/stoolap/stoolap/internal/storage/mvcc/wal_manager.go:1427.2,1428.43 2 0
github.com/stoolap/stoolap/internal/storage/mvcc/wal_manager.go:1428.43,1432.3 2 0
github.com/stoolap/stoolap/internal/storage/mvcc/wal_manager.go:1435.2,1435.44 1 0
github.com/stoolap/stoolap/internal/storage/mvcc/wal_manager.go:1435.44,1439.3 2 0
github.com/stoolap/stoolap/internal/storage/mvcc/wal_manager.go:1440.2,1446.59 3 0
github.com/stoolap/stoolap/internal/storage/mvcc/wal_manager.go:1446.59,1450.3 2 0
github.com/stoolap/stoolap/internal/storage/mvcc/wal_manager.go:1453.2,1453.31 1 0
github.com/stoolap/stoolap/internal/storage/mvcc/wal_manager.go:1453.31,1455.48 1 0
github.com/stoolap/stoolap/internal/storage/mvcc/wal_manager.go:1455.48,1457.4 1 0
github.com/stoolap/stoolap/internal/storage/mvcc/wal_manager.go:1461.2,1465.16 3 0
github.com/stoolap/stoolap/internal/storage/mvcc/wal_manager.go:1465.16,1467.3 1 0
github.com/stoolap/stoolap/internal/storage/mvcc/wal_manager.go:1469.2,1469.12 1 0
github.com/stoolap/stoolap/internal/storage/mvcc/wal_manager.go:1473.87,1475.54 1 0
github.com/stoolap/stoolap/internal/storage/mvcc/wal_manager.go:1475.54,1476.36 1 0
github.com/stoolap/stoolap/internal/storage/mvcc/wal_manager.go:1476.36,1478.4 1 0
github.com/stoolap/stoolap/internal/storage/mvcc/wal_manager.go:1482.2,1483.44 2 0
github.com/stoolap/stoolap/internal/storage/mvcc/wal_manager.go:1483.44,1484.25 1 0
github.com/stoolap/stoolap/internal/storage/mvcc/wal_manager.go:1484.25,1486.4 1 0
github.com/stoolap/stoolap/internal/storage/mvcc/wal_manager.go:1487.3,1487.63 1 0
github.com/stoolap/stoolap/internal/storage/mvcc/wal_manager.go:1490.2,1490.18 1 0
github.com/stoolap/stoolap/internal/storage/mvcc/wal_manager.go:1494.61,1497.2 2 0
